[0.058s] Invoking command in '/home/alexander/Documents/arduinobot_ws/build/arduinobot_utils': AMENT_PREFIX_PATH=/home/alexander/Documents/arduinobot_ws/install/arduinobot_msg:${AMENT_PREFIX_PATH} CMAKE_PREFIX_PATH=/home/alexander/Documents/arduinobot_ws/install/arduinobot_msg:/opt/ros/humble LD_LIBRARY_PATH=/home/alexander/Documents/arduinobot_ws/install/arduinobot_msg/lib:${LD_LIBRARY_PATH} PYTHONPATH=/home/alexander/Documents/arduinobot_ws/install/arduinobot_msg/local/lib/python3.10/dist-packages:${PYTHONPATH} /usr/bin/cmake /home/alexander/Documents/arduinobot_ws/src/arduinobot_utils -DCMAKE_INSTALL_PREFIX=/home/alexander/Documents/arduinobot_ws/install/arduinobot_utils
[0.118s] -- The C compiler identification is GNU 11.4.0
[0.178s] -- The CXX compiler identification is GNU 11.4.0
[0.187s] -- Detecting C compiler ABI info
[0.264s] -- Detecting C compiler ABI info - done
[0.271s] -- Check for working C compiler: /usr/bin/cc - skipped
[0.271s] -- Detecting C compile features
[0.271s] -- Detecting C compile features - done
[0.274s] -- Detecting CXX compiler ABI info
[0.362s] -- Detecting CXX compiler ABI info - done
[0.369s] -- Check for working CXX compiler: /usr/bin/c++ - skipped
[0.369s] -- Detecting CXX compile features
[0.369s] -- Detecting CXX compile features - done
[0.372s] -- Found ament_cmake: 1.3.5 (/opt/ros/humble/share/ament_cmake/cmake)
[0.534s] -- Found Python3: /usr/bin/python3.10 (found version "3.10.12") found components: Interpreter 
[0.621s] -- Found rclpy: 3.3.10 (/opt/ros/humble/share/rclpy/cmake)
[0.624s] -- Found rclcpp: 16.0.6 (/opt/ros/humble/share/rclcpp/cmake)
[0.676s] -- Found rosidl_generator_c: 3.1.5 (/opt/ros/humble/share/rosidl_generator_c/cmake)
[0.683s] -- Found rosidl_adapter: 3.1.5 (/opt/ros/humble/share/rosidl_adapter/cmake)
[0.692s] -- Found rosidl_generator_cpp: 3.1.5 (/opt/ros/humble/share/rosidl_generator_cpp/cmake)
[0.706s] -- Using all available rosidl_typesupport_c: rosidl_typesupport_fastrtps_c;rosidl_typesupport_introspection_c
[0.727s] -- Using all available rosidl_typesupport_cpp: rosidl_typesupport_fastrtps_cpp;rosidl_typesupport_introspection_cpp
[0.803s] -- Found rmw_implementation_cmake: 6.1.1 (/opt/ros/humble/share/rmw_implementation_cmake/cmake)
[0.807s] -- Found rmw_cyclonedds_cpp: 1.3.4 (/opt/ros/humble/share/rmw_cyclonedds_cpp/cmake)
[0.846s] -- Using RMW implementation 'rmw_cyclonedds_cpp' as default
[0.858s] -- Looking for pthread.h
[0.938s] -- Looking for pthread.h - found
[0.938s] -- Performing Test CMAKE_HAVE_LIBC_PTHREAD
[1.018s] -- Performing Test CMAKE_HAVE_LIBC_PTHREAD - Success
[1.019s] -- Found Threads: TRUE  
[1.172s] -- Found arduinobot_msg: 0.0.0 (/home/alexander/Documents/arduinobot_ws/install/arduinobot_msg/share/arduinobot_msg/cmake)
[1.189s] -- Found tf2: 0.25.4 (/opt/ros/humble/share/tf2/cmake)
[1.331s] -- Found ament_lint_auto: 0.12.8 (/opt/ros/humble/share/ament_lint_auto/cmake)
[1.432s] -- Added test 'cppcheck' to perform static code analysis on C / C++ code
[1.432s] -- Configured cppcheck include dirs: 
[1.432s] -- Configured cppcheck exclude dirs and/or files: 
[1.433s] -- Added test 'flake8' to check Python code syntax and style conventions
[1.434s] -- Added test 'lint_cmake' to check CMake code style
[1.434s] -- Added test 'pep257' to check Python code against some of the docstring style conventions in PEP 257
[1.436s] -- Added test 'uncrustify' to check C / C++ code style
[1.436s] -- Configured uncrustify additional arguments: 
[1.437s] -- Added test 'xmllint' to check XML markup files
[1.439s] -- Configuring done
[1.459s] -- Generating done
[1.463s] -- Build files have been written to: /home/alexander/Documents/arduinobot_ws/build/arduinobot_utils
[1.477s] Invoked command in '/home/alexander/Documents/arduinobot_ws/build/arduinobot_utils' returned '0': AMENT_PREFIX_PATH=/home/alexander/Documents/arduinobot_ws/install/arduinobot_msg:${AMENT_PREFIX_PATH} CMAKE_PREFIX_PATH=/home/alexander/Documents/arduinobot_ws/install/arduinobot_msg:/opt/ros/humble LD_LIBRARY_PATH=/home/alexander/Documents/arduinobot_ws/install/arduinobot_msg/lib:${LD_LIBRARY_PATH} PYTHONPATH=/home/alexander/Documents/arduinobot_ws/install/arduinobot_msg/local/lib/python3.10/dist-packages:${PYTHONPATH} /usr/bin/cmake /home/alexander/Documents/arduinobot_ws/src/arduinobot_utils -DCMAKE_INSTALL_PREFIX=/home/alexander/Documents/arduinobot_ws/install/arduinobot_utils
[1.479s] Invoking command in '/home/alexander/Documents/arduinobot_ws/build/arduinobot_utils': AMENT_PREFIX_PATH=/home/alexander/Documents/arduinobot_ws/install/arduinobot_msg:${AMENT_PREFIX_PATH} CMAKE_PREFIX_PATH=/home/alexander/Documents/arduinobot_ws/install/arduinobot_msg:/opt/ros/humble LD_LIBRARY_PATH=/home/alexander/Documents/arduinobot_ws/install/arduinobot_msg/lib:${LD_LIBRARY_PATH} PYTHONPATH=/home/alexander/Documents/arduinobot_ws/install/arduinobot_msg/local/lib/python3.10/dist-packages:${PYTHONPATH} /usr/bin/cmake --build /home/alexander/Documents/arduinobot_ws/build/arduinobot_utils -- -j12 -l12
[1.560s] [ 50%] [32mBuilding CXX object CMakeFiles/angle_conversion.dir/src/angle_conversion.cpp.o[0m
[1.574s] [ 50%] Built target ament_cmake_python_copy_arduinobot_utils
[2.099s] running egg_info
[2.100s] creating arduinobot_utils.egg-info
[2.100s] writing arduinobot_utils.egg-info/PKG-INFO
[2.101s] writing dependency_links to arduinobot_utils.egg-info/dependency_links.txt
[2.101s] writing top-level names to arduinobot_utils.egg-info/top_level.txt
[2.102s] writing manifest file 'arduinobot_utils.egg-info/SOURCES.txt'
[2.106s] reading manifest file 'arduinobot_utils.egg-info/SOURCES.txt'
[2.108s] writing manifest file 'arduinobot_utils.egg-info/SOURCES.txt'
[2.170s] [ 50%] Built target ament_cmake_python_build_arduinobot_utils_egg
[6.719s] [100%] [32m[1mLinking CXX executable angle_conversion[0m
[6.967s] [100%] Built target angle_conversion
[6.984s] Invoked command in '/home/alexander/Documents/arduinobot_ws/build/arduinobot_utils' returned '0': AMENT_PREFIX_PATH=/home/alexander/Documents/arduinobot_ws/install/arduinobot_msg:${AMENT_PREFIX_PATH} CMAKE_PREFIX_PATH=/home/alexander/Documents/arduinobot_ws/install/arduinobot_msg:/opt/ros/humble LD_LIBRARY_PATH=/home/alexander/Documents/arduinobot_ws/install/arduinobot_msg/lib:${LD_LIBRARY_PATH} PYTHONPATH=/home/alexander/Documents/arduinobot_ws/install/arduinobot_msg/local/lib/python3.10/dist-packages:${PYTHONPATH} /usr/bin/cmake --build /home/alexander/Documents/arduinobot_ws/build/arduinobot_utils -- -j12 -l12
[7.022s] Invoking command in '/home/alexander/Documents/arduinobot_ws/build/arduinobot_utils': AMENT_PREFIX_PATH=/home/alexander/Documents/arduinobot_ws/install/arduinobot_msg:${AMENT_PREFIX_PATH} CMAKE_PREFIX_PATH=/home/alexander/Documents/arduinobot_ws/install/arduinobot_msg:/opt/ros/humble LD_LIBRARY_PATH=/home/alexander/Documents/arduinobot_ws/install/arduinobot_msg/lib:${LD_LIBRARY_PATH} PYTHONPATH=/home/alexander/Documents/arduinobot_ws/install/arduinobot_msg/local/lib/python3.10/dist-packages:${PYTHONPATH} /usr/bin/cmake --install /home/alexander/Documents/arduinobot_ws/build/arduinobot_utils
[7.032s] -- Install configuration: ""
[7.032s] -- Installing: /home/alexander/Documents/arduinobot_ws/install/arduinobot_utils/share/arduinobot_utils/environment/pythonpath.sh
[7.032s] -- Installing: /home/alexander/Documents/arduinobot_ws/install/arduinobot_utils/share/arduinobot_utils/environment/pythonpath.dsv
[7.032s] -- Installing: /home/alexander/Documents/arduinobot_ws/install/arduinobot_utils/local/lib/python3.10/dist-packages/arduinobot_utils-0.0.0-py3.10.egg-info
[7.032s] -- Installing: /home/alexander/Documents/arduinobot_ws/install/arduinobot_utils/local/lib/python3.10/dist-packages/arduinobot_utils-0.0.0-py3.10.egg-info/SOURCES.txt
[7.033s] -- Installing: /home/alexander/Documents/arduinobot_ws/install/arduinobot_utils/local/lib/python3.10/dist-packages/arduinobot_utils-0.0.0-py3.10.egg-info/top_level.txt
[7.033s] -- Installing: /home/alexander/Documents/arduinobot_ws/install/arduinobot_utils/local/lib/python3.10/dist-packages/arduinobot_utils-0.0.0-py3.10.egg-info/PKG-INFO
[7.033s] -- Installing: /home/alexander/Documents/arduinobot_ws/install/arduinobot_utils/local/lib/python3.10/dist-packages/arduinobot_utils-0.0.0-py3.10.egg-info/dependency_links.txt
[7.033s] -- Installing: /home/alexander/Documents/arduinobot_ws/install/arduinobot_utils/local/lib/python3.10/dist-packages/arduinobot_utils
[7.033s] -- Installing: /home/alexander/Documents/arduinobot_ws/install/arduinobot_utils/local/lib/python3.10/dist-packages/arduinobot_utils/__init__.py
[7.033s] -- Installing: /home/alexander/Documents/arduinobot_ws/install/arduinobot_utils/local/lib/python3.10/dist-packages/arduinobot_utils/angle_conversion.py
[7.067s] Listing '/home/alexander/Documents/arduinobot_ws/install/arduinobot_utils/local/lib/python3.10/dist-packages/arduinobot_utils'...
[7.067s] Compiling '/home/alexander/Documents/arduinobot_ws/install/arduinobot_utils/local/lib/python3.10/dist-packages/arduinobot_utils/__init__.py'...
[7.067s] Compiling '/home/alexander/Documents/arduinobot_ws/install/arduinobot_utils/local/lib/python3.10/dist-packages/arduinobot_utils/angle_conversion.py'...
[7.073s] -- Installing: /home/alexander/Documents/arduinobot_ws/install/arduinobot_utils/lib/arduinobot_utils/angle_conversion
[7.075s] -- Set runtime path of "/home/alexander/Documents/arduinobot_ws/install/arduinobot_utils/lib/arduinobot_utils/angle_conversion" to ""
[7.076s] -- Installing: /home/alexander/Documents/arduinobot_ws/install/arduinobot_utils/lib/arduinobot_utils/angle_conversion.py
[7.076s] -- Installing: /home/alexander/Documents/arduinobot_ws/install/arduinobot_utils/share/ament_index/resource_index/package_run_dependencies/arduinobot_utils
[7.076s] -- Installing: /home/alexander/Documents/arduinobot_ws/install/arduinobot_utils/share/ament_index/resource_index/parent_prefix_path/arduinobot_utils
[7.076s] -- Installing: /home/alexander/Documents/arduinobot_ws/install/arduinobot_utils/share/arduinobot_utils/environment/ament_prefix_path.sh
[7.076s] -- Installing: /home/alexander/Documents/arduinobot_ws/install/arduinobot_utils/share/arduinobot_utils/environment/ament_prefix_path.dsv
[7.076s] -- Installing: /home/alexander/Documents/arduinobot_ws/install/arduinobot_utils/share/arduinobot_utils/environment/path.sh
[7.076s] -- Installing: /home/alexander/Documents/arduinobot_ws/install/arduinobot_utils/share/arduinobot_utils/environment/path.dsv
[7.077s] -- Installing: /home/alexander/Documents/arduinobot_ws/install/arduinobot_utils/share/arduinobot_utils/local_setup.bash
[7.077s] -- Installing: /home/alexander/Documents/arduinobot_ws/install/arduinobot_utils/share/arduinobot_utils/local_setup.sh
[7.077s] -- Installing: /home/alexander/Documents/arduinobot_ws/install/arduinobot_utils/share/arduinobot_utils/local_setup.zsh
[7.077s] -- Installing: /home/alexander/Documents/arduinobot_ws/install/arduinobot_utils/share/arduinobot_utils/local_setup.dsv
[7.077s] -- Installing: /home/alexander/Documents/arduinobot_ws/install/arduinobot_utils/share/arduinobot_utils/package.dsv
[7.078s] -- Installing: /home/alexander/Documents/arduinobot_ws/install/arduinobot_utils/share/ament_index/resource_index/packages/arduinobot_utils
[7.078s] -- Installing: /home/alexander/Documents/arduinobot_ws/install/arduinobot_utils/share/arduinobot_utils/cmake/arduinobot_utilsConfig.cmake
[7.078s] -- Installing: /home/alexander/Documents/arduinobot_ws/install/arduinobot_utils/share/arduinobot_utils/cmake/arduinobot_utilsConfig-version.cmake
[7.078s] -- Installing: /home/alexander/Documents/arduinobot_ws/install/arduinobot_utils/share/arduinobot_utils/package.xml
[7.082s] Invoked command in '/home/alexander/Documents/arduinobot_ws/build/arduinobot_utils' returned '0': AMENT_PREFIX_PATH=/home/alexander/Documents/arduinobot_ws/install/arduinobot_msg:${AMENT_PREFIX_PATH} CMAKE_PREFIX_PATH=/home/alexander/Documents/arduinobot_ws/install/arduinobot_msg:/opt/ros/humble LD_LIBRARY_PATH=/home/alexander/Documents/arduinobot_ws/install/arduinobot_msg/lib:${LD_LIBRARY_PATH} PYTHONPATH=/home/alexander/Documents/arduinobot_ws/install/arduinobot_msg/local/lib/python3.10/dist-packages:${PYTHONPATH} /usr/bin/cmake --install /home/alexander/Documents/arduinobot_ws/build/arduinobot_utils
