[0.284s] Invoking command in '/home/alexander/Documents/arduinobot_ws/build/arduinobot_msg': CMAKE_PREFIX_PATH=/opt/ros/humble /usr/bin/cmake /home/alexander/Documents/arduinobot_ws/src/arduinobot_msg -DCMAKE_INSTALL_PREFIX=/home/alexander/Documents/arduinobot_ws/install/arduinobot_msg
[0.435s] -- The C compiler identification is GNU 11.4.0
[0.563s] -- The CXX compiler identification is GNU 11.4.0
[0.572s] -- Detecting C compiler ABI info
[0.672s] -- Detecting C compiler ABI info - done
[0.682s] -- Check for working C compiler: /usr/bin/cc - skipped
[0.683s] -- Detecting C compile features
[0.683s] -- Detecting C compile features - done
[0.687s] -- Detecting CXX compiler ABI info
[0.800s] -- Detecting CXX compiler ABI info - done
[0.812s] -- Check for working CXX compiler: /usr/bin/c++ - skipped
[0.813s] -- Detecting CXX compile features
[0.813s] -- Detecting CXX compile features - done
[0.818s] -- Found ament_cmake: 1.3.5 (/opt/ros/humble/share/ament_cmake/cmake)
[1.031s] -- Found Python3: /usr/bin/python3.10 (found version "3.10.12") found components: Interpreter 
[1.139s] -- Found std_msgs: 4.2.3 (/opt/ros/humble/share/std_msgs/cmake)
[1.203s] -- Found rosidl_generator_c: 3.1.5 (/opt/ros/humble/share/rosidl_generator_c/cmake)
[1.211s] -- Found rosidl_adapter: 3.1.5 (/opt/ros/humble/share/rosidl_adapter/cmake)
[1.224s] -- Found rosidl_generator_cpp: 3.1.5 (/opt/ros/humble/share/rosidl_generator_cpp/cmake)
[1.245s] -- Using all available rosidl_typesupport_c: rosidl_typesupport_fastrtps_c;rosidl_typesupport_introspection_c
[1.273s] -- Using all available rosidl_typesupport_cpp: rosidl_typesupport_fastrtps_cpp;rosidl_typesupport_introspection_cpp
[1.355s] -- Found rosidl_default_generators: 1.2.0 (/opt/ros/humble/share/rosidl_default_generators/cmake)
[1.640s] -- Found ament_cmake_ros: 0.10.0 (/opt/ros/humble/share/ament_cmake_ros/cmake)
[1.934s] -- Using all available rosidl_typesupport_c: rosidl_typesupport_fastrtps_c;rosidl_typesupport_introspection_c
[2.051s] -- Using all available rosidl_typesupport_cpp: rosidl_typesupport_fastrtps_cpp;rosidl_typesupport_introspection_cpp
[2.079s] -- Found PythonInterp: /usr/bin/python3 (found suitable version "3.10.12", minimum required is "3.6") 
[2.081s] -- Found python_cmake_module: 0.10.0 (/opt/ros/humble/share/python_cmake_module/cmake)
[2.116s] -- Found PythonLibs: /usr/lib/x86_64-linux-gnu/libpython3.10.so (found suitable version "3.10.12", minimum required is "3.5") 
[2.117s] -- Using PYTHON_EXECUTABLE: /usr/bin/python3
[2.117s] -- Using PYTHON_INCLUDE_DIRS: /usr/include/python3.10
[2.117s] -- Using PYTHON_LIBRARIES: /usr/lib/x86_64-linux-gnu/libpython3.10.so
[2.137s] -- Found PythonExtra: .so  
[2.181s] -- Found ament_lint_auto: 0.12.8 (/opt/ros/humble/share/ament_lint_auto/cmake)
[2.206s] -- Added test 'lint_cmake' to check CMake code style
[2.207s] -- Added test 'xmllint' to check XML markup files
[2.210s] -- Configuring done
[2.242s] -- Generating done
[2.244s] -- Build files have been written to: /home/alexander/Documents/arduinobot_ws/build/arduinobot_msg
[2.252s] Invoked command in '/home/alexander/Documents/arduinobot_ws/build/arduinobot_msg' returned '0': CMAKE_PREFIX_PATH=/opt/ros/humble /usr/bin/cmake /home/alexander/Documents/arduinobot_ws/src/arduinobot_msg -DCMAKE_INSTALL_PREFIX=/home/alexander/Documents/arduinobot_ws/install/arduinobot_msg
[2.254s] Invoking command in '/home/alexander/Documents/arduinobot_ws/build/arduinobot_msg': CMAKE_PREFIX_PATH=/opt/ros/humble /usr/bin/cmake --build /home/alexander/Documents/arduinobot_ws/build/arduinobot_msg -- -j12 -l12
[2.298s] [  2%] [34m[1mGenerating C code for ROS interfaces[0m
[2.309s] [  4%] [34m[1mGenerating C++ code for ROS interfaces[0m
[2.319s] [  4%] Built target ament_cmake_python_copy_arduinobot_msg
[2.583s] running egg_info
[2.583s] creating arduinobot_msg.egg-info
[2.584s] writing arduinobot_msg.egg-info/PKG-INFO
[2.584s] writing dependency_links to arduinobot_msg.egg-info/dependency_links.txt
[2.584s] writing top-level names to arduinobot_msg.egg-info/top_level.txt
[2.584s] writing manifest file 'arduinobot_msg.egg-info/SOURCES.txt'
[2.586s] reading manifest file 'arduinobot_msg.egg-info/SOURCES.txt'
[2.587s] writing manifest file 'arduinobot_msg.egg-info/SOURCES.txt'
[2.621s] [  4%] Built target ament_cmake_python_build_arduinobot_msg_egg
[2.732s] [  4%] Built target arduinobot_msg__cpp
[2.749s] [  8%] [34m[1mGenerating C++ type support for eProsima Fast-RTPS[0m
[2.749s] [  8%] [34m[1mGenerating C++ type support dispatch for ROS interfaces[0m
[2.749s] [ 10%] [34m[1mGenerating C++ introspection for ROS interfaces[0m
[2.786s] [ 14%] [32mBuilding C object CMakeFiles/arduinobot_msg__rosidl_generator_c.dir/rosidl_generator_c/arduinobot_msg/srv/detail/euler_to_quaternion__functions.c.o[0m
[2.786s] [ 14%] [32mBuilding C object CMakeFiles/arduinobot_msg__rosidl_generator_c.dir/rosidl_generator_c/arduinobot_msg/srv/detail/add_two_ints__functions.c.o[0m
[2.787s] [ 17%] [32mBuilding C object CMakeFiles/arduinobot_msg__rosidl_generator_c.dir/rosidl_generator_c/arduinobot_msg/srv/detail/quaternion_to_euler__functions.c.o[0m
[2.872s] [ 19%] [32m[1mLinking C shared library libarduinobot_msg__rosidl_generator_c.so[0m
[2.921s] [ 19%] Built target arduinobot_msg__rosidl_generator_c
[2.936s] [ 25%] [34m[1mGenerating C type support dispatch for ROS interfaces[0m
[2.936s] [ 25%] [34m[1mGenerating C introspection for ROS interfaces[0m
[2.936s] [ 25%] [34m[1mGenerating C type support for eProsima Fast-RTPS[0m
[3.177s] [ 27%] [32mBuilding CXX object CMakeFiles/arduinobot_msg__rosidl_typesupport_cpp.dir/rosidl_typesupport_cpp/arduinobot_msg/srv/add_two_ints__type_support.cpp.o[0m
[3.181s] [ 29%] [32mBuilding CXX object CMakeFiles/arduinobot_msg__rosidl_typesupport_cpp.dir/rosidl_typesupport_cpp/arduinobot_msg/srv/quaternion_to_euler__type_support.cpp.o[0m
[3.182s] [ 31%] [32mBuilding CXX object CMakeFiles/arduinobot_msg__rosidl_typesupport_cpp.dir/rosidl_typesupport_cpp/arduinobot_msg/srv/euler_to_quaternion__type_support.cpp.o[0m
[3.253s] [ 34%] [32mBuilding CXX object CMakeFiles/arduinobot_msg__rosidl_typesupport_introspection_cpp.dir/rosidl_typesupport_introspection_cpp/arduinobot_msg/srv/detail/quaternion_to_euler__type_support.cpp.o[0m
[3.255s] [ 36%] [32mBuilding CXX object CMakeFiles/arduinobot_msg__rosidl_typesupport_introspection_cpp.dir/rosidl_typesupport_introspection_cpp/arduinobot_msg/srv/detail/add_two_ints__type_support.cpp.o[0m
[3.257s] [ 38%] [32mBuilding CXX object CMakeFiles/arduinobot_msg__rosidl_typesupport_introspection_cpp.dir/rosidl_typesupport_introspection_cpp/arduinobot_msg/srv/detail/euler_to_quaternion__type_support.cpp.o[0m
[3.326s] [ 40%] [32mBuilding CXX object CMakeFiles/arduinobot_msg__rosidl_typesupport_fastrtps_cpp.dir/rosidl_typesupport_fastrtps_cpp/arduinobot_msg/srv/detail/dds_fastrtps/euler_to_quaternion__type_support.cpp.o[0m
[3.326s] [ 44%] [32mBuilding CXX object CMakeFiles/arduinobot_msg__rosidl_typesupport_fastrtps_cpp.dir/rosidl_typesupport_fastrtps_cpp/arduinobot_msg/srv/detail/dds_fastrtps/add_two_ints__type_support.cpp.o[0m
[3.327s] [ 44%] [32mBuilding CXX object CMakeFiles/arduinobot_msg__rosidl_typesupport_fastrtps_cpp.dir/rosidl_typesupport_fastrtps_cpp/arduinobot_msg/srv/detail/dds_fastrtps/quaternion_to_euler__type_support.cpp.o[0m
[3.493s] [ 46%] [32mBuilding CXX object CMakeFiles/arduinobot_msg__rosidl_typesupport_c.dir/rosidl_typesupport_c/arduinobot_msg/srv/add_two_ints__type_support.cpp.o[0m
[3.566s] [ 48%] [32mBuilding CXX object CMakeFiles/arduinobot_msg__rosidl_typesupport_c.dir/rosidl_typesupport_c/arduinobot_msg/srv/quaternion_to_euler__type_support.cpp.o[0m
[3.634s] [ 51%] [32mBuilding CXX object CMakeFiles/arduinobot_msg__rosidl_typesupport_c.dir/rosidl_typesupport_c/arduinobot_msg/srv/euler_to_quaternion__type_support.cpp.o[0m
[3.699s] [ 53%] [32mBuilding C object CMakeFiles/arduinobot_msg__rosidl_typesupport_introspection_c.dir/rosidl_typesupport_introspection_c/arduinobot_msg/srv/detail/add_two_ints__type_support.c.o[0m
[3.702s] [ 55%] [32mBuilding C object CMakeFiles/arduinobot_msg__rosidl_typesupport_introspection_c.dir/rosidl_typesupport_introspection_c/arduinobot_msg/srv/detail/quaternion_to_euler__type_support.c.o[0m
[3.702s] [ 57%] [32m[1mLinking CXX shared library libarduinobot_msg__rosidl_typesupport_c.so[0m
[3.704s] [ 59%] [32mBuilding C object CMakeFiles/arduinobot_msg__rosidl_typesupport_introspection_c.dir/rosidl_typesupport_introspection_c/arduinobot_msg/srv/detail/euler_to_quaternion__type_support.c.o[0m
[3.708s] [ 61%] [32m[1mLinking CXX shared library libarduinobot_msg__rosidl_typesupport_cpp.so[0m
[3.735s] [ 63%] [32mBuilding CXX object CMakeFiles/arduinobot_msg__rosidl_typesupport_fastrtps_c.dir/rosidl_typesupport_fastrtps_c/arduinobot_msg/srv/detail/add_two_ints__type_support_c.cpp.o[0m
[3.775s] [ 65%] [32mBuilding CXX object CMakeFiles/arduinobot_msg__rosidl_typesupport_fastrtps_c.dir/rosidl_typesupport_fastrtps_c/arduinobot_msg/srv/detail/quaternion_to_euler__type_support_c.cpp.o[0m
[3.779s] [ 68%] [32mBuilding CXX object CMakeFiles/arduinobot_msg__rosidl_typesupport_fastrtps_c.dir/rosidl_typesupport_fastrtps_c/arduinobot_msg/srv/detail/euler_to_quaternion__type_support_c.cpp.o[0m
[3.780s] [ 70%] [32m[1mLinking C shared library libarduinobot_msg__rosidl_typesupport_introspection_c.so[0m
[3.795s] [ 70%] Built target arduinobot_msg__rosidl_typesupport_c
[3.802s] [ 70%] Built target arduinobot_msg__rosidl_typesupport_cpp
[3.847s] [ 70%] Built target arduinobot_msg__rosidl_typesupport_introspection_c
[3.969s] [ 72%] [32m[1mLinking CXX shared library libarduinobot_msg__rosidl_typesupport_introspection_cpp.so[0m
[4.029s] [ 72%] Built target arduinobot_msg__rosidl_typesupport_introspection_cpp
[4.090s] [ 74%] [32m[1mLinking CXX shared library libarduinobot_msg__rosidl_typesupport_fastrtps_cpp.so[0m
[4.195s] [ 76%] [32m[1mLinking CXX shared library libarduinobot_msg__rosidl_typesupport_fastrtps_c.so[0m
[4.198s] [ 76%] Built target arduinobot_msg__rosidl_typesupport_fastrtps_cpp
[4.293s] [ 76%] Built target arduinobot_msg__rosidl_typesupport_fastrtps_c
[4.317s] [ 76%] Built target arduinobot_msg
[4.343s] [ 78%] [34m[1mGenerating Python code for ROS interfaces[0m
[4.979s] [ 78%] Built target arduinobot_msg__py
[5.003s] [ 85%] [32mBuilding C object CMakeFiles/arduinobot_msg__rosidl_generator_py.dir/rosidl_generator_py/arduinobot_msg/srv/_euler_to_quaternion_s.c.o[0m
[5.003s] [ 85%] [32mBuilding C object CMakeFiles/arduinobot_msg__rosidl_generator_py.dir/rosidl_generator_py/arduinobot_msg/srv/_quaternion_to_euler_s.c.o[0m
[5.003s] [ 85%] [32mBuilding C object CMakeFiles/arduinobot_msg__rosidl_generator_py.dir/rosidl_generator_py/arduinobot_msg/srv/_add_two_ints_s.c.o[0m
[5.127s] [ 87%] [32m[1mLinking C shared library rosidl_generator_py/arduinobot_msg/libarduinobot_msg__rosidl_generator_py.so[0m
[5.175s] [ 87%] Built target arduinobot_msg__rosidl_generator_py
[5.198s] [ 89%] [32mBuilding C object CMakeFiles/arduinobot_msg__rosidl_typesupport_introspection_c__pyext.dir/rosidl_generator_py/arduinobot_msg/_arduinobot_msg_s.ep.rosidl_typesupport_introspection_c.c.o[0m
[5.199s] [ 91%] [32mBuilding C object CMakeFiles/arduinobot_msg__rosidl_typesupport_c__pyext.dir/rosidl_generator_py/arduinobot_msg/_arduinobot_msg_s.ep.rosidl_typesupport_c.c.o[0m
[5.200s] [ 93%] [32mBuilding C object CMakeFiles/arduinobot_msg__rosidl_typesupport_fastrtps_c__pyext.dir/rosidl_generator_py/arduinobot_msg/_arduinobot_msg_s.ep.rosidl_typesupport_fastrtps_c.c.o[0m
[5.298s] [ 95%] [32m[1mLinking C shared library rosidl_generator_py/arduinobot_msg/arduinobot_msg_s__rosidl_typesupport_c.cpython-310-x86_64-linux-gnu.so[0m
[5.302s] [ 97%] [32m[1mLinking C shared library rosidl_generator_py/arduinobot_msg/arduinobot_msg_s__rosidl_typesupport_introspection_c.cpython-310-x86_64-linux-gnu.so[0m
[5.307s] [100%] [32m[1mLinking C shared library rosidl_generator_py/arduinobot_msg/arduinobot_msg_s__rosidl_typesupport_fastrtps_c.cpython-310-x86_64-linux-gnu.so[0m
[5.337s] [100%] Built target arduinobot_msg__rosidl_typesupport_c__pyext
[5.341s] [100%] Built target arduinobot_msg__rosidl_typesupport_introspection_c__pyext
[5.344s] [100%] Built target arduinobot_msg__rosidl_typesupport_fastrtps_c__pyext
[5.359s] Invoked command in '/home/alexander/Documents/arduinobot_ws/build/arduinobot_msg' returned '0': CMAKE_PREFIX_PATH=/opt/ros/humble /usr/bin/cmake --build /home/alexander/Documents/arduinobot_ws/build/arduinobot_msg -- -j12 -l12
[5.482s] Invoking command in '/home/alexander/Documents/arduinobot_ws/build/arduinobot_msg': CMAKE_PREFIX_PATH=/opt/ros/humble /usr/bin/cmake --install /home/alexander/Documents/arduinobot_ws/build/arduinobot_msg
[5.490s] -- Install configuration: ""
[5.490s] -- Installing: /home/alexander/Documents/arduinobot_ws/install/arduinobot_msg/share/ament_index/resource_index/rosidl_interfaces/arduinobot_msg
[5.490s] -- Installing: /home/alexander/Documents/arduinobot_ws/install/arduinobot_msg/include/arduinobot_msg/arduinobot_msg
[5.491s] -- Installing: /home/alexander/Documents/arduinobot_ws/install/arduinobot_msg/include/arduinobot_msg/arduinobot_msg/srv
[5.491s] -- Installing: /home/alexander/Documents/arduinobot_ws/install/arduinobot_msg/include/arduinobot_msg/arduinobot_msg/srv/detail
[5.491s] -- Installing: /home/alexander/Documents/arduinobot_ws/install/arduinobot_msg/include/arduinobot_msg/arduinobot_msg/srv/detail/quaternion_to_euler__functions.c
[5.491s] -- Installing: /home/alexander/Documents/arduinobot_ws/install/arduinobot_msg/include/arduinobot_msg/arduinobot_msg/srv/detail/euler_to_quaternion__type_support.h
[5.491s] -- Installing: /home/alexander/Documents/arduinobot_ws/install/arduinobot_msg/include/arduinobot_msg/arduinobot_msg/srv/detail/euler_to_quaternion__functions.h
[5.491s] -- Installing: /home/alexander/Documents/arduinobot_ws/install/arduinobot_msg/include/arduinobot_msg/arduinobot_msg/srv/detail/add_two_ints__functions.h
[5.492s] -- Installing: /home/alexander/Documents/arduinobot_ws/install/arduinobot_msg/include/arduinobot_msg/arduinobot_msg/srv/detail/quaternion_to_euler__functions.h
[5.492s] -- Installing: /home/alexander/Documents/arduinobot_ws/install/arduinobot_msg/include/arduinobot_msg/arduinobot_msg/srv/detail/quaternion_to_euler__type_support.h
[5.492s] -- Installing: /home/alexander/Documents/arduinobot_ws/install/arduinobot_msg/include/arduinobot_msg/arduinobot_msg/srv/detail/euler_to_quaternion__struct.h
[5.492s] -- Installing: /home/alexander/Documents/arduinobot_ws/install/arduinobot_msg/include/arduinobot_msg/arduinobot_msg/srv/detail/add_two_ints__struct.h
[5.492s] -- Installing: /home/alexander/Documents/arduinobot_ws/install/arduinobot_msg/include/arduinobot_msg/arduinobot_msg/srv/detail/quaternion_to_euler__struct.h
[5.492s] -- Installing: /home/alexander/Documents/arduinobot_ws/install/arduinobot_msg/include/arduinobot_msg/arduinobot_msg/srv/detail/add_two_ints__type_support.h
[5.492s] -- Installing: /home/alexander/Documents/arduinobot_ws/install/arduinobot_msg/include/arduinobot_msg/arduinobot_msg/srv/detail/add_two_ints__functions.c
[5.492s] -- Installing: /home/alexander/Documents/arduinobot_ws/install/arduinobot_msg/include/arduinobot_msg/arduinobot_msg/srv/detail/euler_to_quaternion__functions.c
[5.492s] -- Installing: /home/alexander/Documents/arduinobot_ws/install/arduinobot_msg/include/arduinobot_msg/arduinobot_msg/srv/add_two_ints.h
[5.492s] -- Installing: /home/alexander/Documents/arduinobot_ws/install/arduinobot_msg/include/arduinobot_msg/arduinobot_msg/srv/quaternion_to_euler.h
[5.492s] -- Installing: /home/alexander/Documents/arduinobot_ws/install/arduinobot_msg/include/arduinobot_msg/arduinobot_msg/srv/euler_to_quaternion.h
[5.492s] -- Installing: /home/alexander/Documents/arduinobot_ws/install/arduinobot_msg/include/arduinobot_msg/arduinobot_msg/msg
[5.492s] -- Installing: /home/alexander/Documents/arduinobot_ws/install/arduinobot_msg/include/arduinobot_msg/arduinobot_msg/msg/rosidl_generator_c__visibility_control.h
[5.492s] -- Installing: /home/alexander/Documents/arduinobot_ws/install/arduinobot_msg/share/arduinobot_msg/environment/library_path.sh
[5.492s] -- Installing: /home/alexander/Documents/arduinobot_ws/install/arduinobot_msg/share/arduinobot_msg/environment/library_path.dsv
[5.493s] -- Installing: /home/alexander/Documents/arduinobot_ws/install/arduinobot_msg/lib/libarduinobot_msg__rosidl_generator_c.so
[5.493s] -- Set runtime path of "/home/alexander/Documents/arduinobot_ws/install/arduinobot_msg/lib/libarduinobot_msg__rosidl_generator_c.so" to ""
[5.493s] -- Up-to-date: /home/alexander/Documents/arduinobot_ws/install/arduinobot_msg/include/arduinobot_msg/arduinobot_msg
[5.493s] -- Up-to-date: /home/alexander/Documents/arduinobot_ws/install/arduinobot_msg/include/arduinobot_msg/arduinobot_msg/srv
[5.493s] -- Up-to-date: /home/alexander/Documents/arduinobot_ws/install/arduinobot_msg/include/arduinobot_msg/arduinobot_msg/srv/detail
[5.493s] -- Installing: /home/alexander/Documents/arduinobot_ws/install/arduinobot_msg/include/arduinobot_msg/arduinobot_msg/srv/detail/add_two_ints__rosidl_typesupport_fastrtps_c.h
[5.493s] -- Installing: /home/alexander/Documents/arduinobot_ws/install/arduinobot_msg/include/arduinobot_msg/arduinobot_msg/srv/detail/euler_to_quaternion__rosidl_typesupport_fastrtps_c.h
[5.493s] -- Installing: /home/alexander/Documents/arduinobot_ws/install/arduinobot_msg/include/arduinobot_msg/arduinobot_msg/srv/detail/quaternion_to_euler__rosidl_typesupport_fastrtps_c.h
[5.493s] -- Up-to-date: /home/alexander/Documents/arduinobot_ws/install/arduinobot_msg/include/arduinobot_msg/arduinobot_msg/msg
[5.494s] -- Installing: /home/alexander/Documents/arduinobot_ws/install/arduinobot_msg/include/arduinobot_msg/arduinobot_msg/msg/rosidl_typesupport_fastrtps_c__visibility_control.h
[5.494s] -- Installing: /home/alexander/Documents/arduinobot_ws/install/arduinobot_msg/lib/libarduinobot_msg__rosidl_typesupport_fastrtps_c.so
[5.494s] -- Set runtime path of "/home/alexander/Documents/arduinobot_ws/install/arduinobot_msg/lib/libarduinobot_msg__rosidl_typesupport_fastrtps_c.so" to ""
[5.494s] -- Up-to-date: /home/alexander/Documents/arduinobot_ws/install/arduinobot_msg/include/arduinobot_msg/arduinobot_msg
[5.494s] -- Up-to-date: /home/alexander/Documents/arduinobot_ws/install/arduinobot_msg/include/arduinobot_msg/arduinobot_msg/srv
[5.494s] -- Up-to-date: /home/alexander/Documents/arduinobot_ws/install/arduinobot_msg/include/arduinobot_msg/arduinobot_msg/srv/detail
[5.494s] -- Installing: /home/alexander/Documents/arduinobot_ws/install/arduinobot_msg/include/arduinobot_msg/arduinobot_msg/srv/detail/euler_to_quaternion__struct.hpp
[5.494s] -- Installing: /home/alexander/Documents/arduinobot_ws/install/arduinobot_msg/include/arduinobot_msg/arduinobot_msg/srv/detail/add_two_ints__traits.hpp
[5.494s] -- Installing: /home/alexander/Documents/arduinobot_ws/install/arduinobot_msg/include/arduinobot_msg/arduinobot_msg/srv/detail/euler_to_quaternion__builder.hpp
[5.495s] -- Installing: /home/alexander/Documents/arduinobot_ws/install/arduinobot_msg/include/arduinobot_msg/arduinobot_msg/srv/detail/quaternion_to_euler__struct.hpp
[5.495s] -- Installing: /home/alexander/Documents/arduinobot_ws/install/arduinobot_msg/include/arduinobot_msg/arduinobot_msg/srv/detail/euler_to_quaternion__traits.hpp
[5.495s] -- Installing: /home/alexander/Documents/arduinobot_ws/install/arduinobot_msg/include/arduinobot_msg/arduinobot_msg/srv/detail/add_two_ints__builder.hpp
[5.495s] -- Installing: /home/alexander/Documents/arduinobot_ws/install/arduinobot_msg/include/arduinobot_msg/arduinobot_msg/srv/detail/add_two_ints__struct.hpp
[5.495s] -- Installing: /home/alexander/Documents/arduinobot_ws/install/arduinobot_msg/include/arduinobot_msg/arduinobot_msg/srv/detail/quaternion_to_euler__builder.hpp
[5.495s] -- Installing: /home/alexander/Documents/arduinobot_ws/install/arduinobot_msg/include/arduinobot_msg/arduinobot_msg/srv/detail/quaternion_to_euler__traits.hpp
[5.495s] -- Installing: /home/alexander/Documents/arduinobot_ws/install/arduinobot_msg/include/arduinobot_msg/arduinobot_msg/srv/euler_to_quaternion.hpp
[5.495s] -- Installing: /home/alexander/Documents/arduinobot_ws/install/arduinobot_msg/include/arduinobot_msg/arduinobot_msg/srv/add_two_ints.hpp
[5.496s] -- Installing: /home/alexander/Documents/arduinobot_ws/install/arduinobot_msg/include/arduinobot_msg/arduinobot_msg/srv/quaternion_to_euler.hpp
[5.496s] -- Up-to-date: /home/alexander/Documents/arduinobot_ws/install/arduinobot_msg/include/arduinobot_msg/arduinobot_msg
[5.496s] -- Up-to-date: /home/alexander/Documents/arduinobot_ws/install/arduinobot_msg/include/arduinobot_msg/arduinobot_msg/srv
[5.496s] -- Up-to-date: /home/alexander/Documents/arduinobot_ws/install/arduinobot_msg/include/arduinobot_msg/arduinobot_msg/srv/detail
[5.496s] -- Installing: /home/alexander/Documents/arduinobot_ws/install/arduinobot_msg/include/arduinobot_msg/arduinobot_msg/srv/detail/quaternion_to_euler__rosidl_typesupport_fastrtps_cpp.hpp
[5.496s] -- Installing: /home/alexander/Documents/arduinobot_ws/install/arduinobot_msg/include/arduinobot_msg/arduinobot_msg/srv/detail/euler_to_quaternion__rosidl_typesupport_fastrtps_cpp.hpp
[5.496s] -- Installing: /home/alexander/Documents/arduinobot_ws/install/arduinobot_msg/include/arduinobot_msg/arduinobot_msg/srv/detail/dds_fastrtps
[5.496s] -- Installing: /home/alexander/Documents/arduinobot_ws/install/arduinobot_msg/include/arduinobot_msg/arduinobot_msg/srv/detail/add_two_ints__rosidl_typesupport_fastrtps_cpp.hpp
[5.496s] -- Up-to-date: /home/alexander/Documents/arduinobot_ws/install/arduinobot_msg/include/arduinobot_msg/arduinobot_msg/msg
[5.496s] -- Installing: /home/alexander/Documents/arduinobot_ws/install/arduinobot_msg/include/arduinobot_msg/arduinobot_msg/msg/rosidl_typesupport_fastrtps_cpp__visibility_control.h
[5.496s] -- Installing: /home/alexander/Documents/arduinobot_ws/install/arduinobot_msg/lib/libarduinobot_msg__rosidl_typesupport_fastrtps_cpp.so
[5.497s] -- Set runtime path of "/home/alexander/Documents/arduinobot_ws/install/arduinobot_msg/lib/libarduinobot_msg__rosidl_typesupport_fastrtps_cpp.so" to ""
[5.497s] -- Up-to-date: /home/alexander/Documents/arduinobot_ws/install/arduinobot_msg/include/arduinobot_msg/arduinobot_msg
[5.497s] -- Up-to-date: /home/alexander/Documents/arduinobot_ws/install/arduinobot_msg/include/arduinobot_msg/arduinobot_msg/srv
[5.497s] -- Up-to-date: /home/alexander/Documents/arduinobot_ws/install/arduinobot_msg/include/arduinobot_msg/arduinobot_msg/srv/detail
[5.497s] -- Installing: /home/alexander/Documents/arduinobot_ws/install/arduinobot_msg/include/arduinobot_msg/arduinobot_msg/srv/detail/add_two_ints__type_support.c
[5.497s] -- Installing: /home/alexander/Documents/arduinobot_ws/install/arduinobot_msg/include/arduinobot_msg/arduinobot_msg/srv/detail/euler_to_quaternion__rosidl_typesupport_introspection_c.h
[5.497s] -- Installing: /home/alexander/Documents/arduinobot_ws/install/arduinobot_msg/include/arduinobot_msg/arduinobot_msg/srv/detail/add_two_ints__rosidl_typesupport_introspection_c.h
[5.497s] -- Installing: /home/alexander/Documents/arduinobot_ws/install/arduinobot_msg/include/arduinobot_msg/arduinobot_msg/srv/detail/euler_to_quaternion__type_support.c
[5.498s] -- Installing: /home/alexander/Documents/arduinobot_ws/install/arduinobot_msg/include/arduinobot_msg/arduinobot_msg/srv/detail/quaternion_to_euler__rosidl_typesupport_introspection_c.h
[5.498s] -- Installing: /home/alexander/Documents/arduinobot_ws/install/arduinobot_msg/include/arduinobot_msg/arduinobot_msg/srv/detail/quaternion_to_euler__type_support.c
[5.498s] -- Up-to-date: /home/alexander/Documents/arduinobot_ws/install/arduinobot_msg/include/arduinobot_msg/arduinobot_msg/msg
[5.498s] -- Installing: /home/alexander/Documents/arduinobot_ws/install/arduinobot_msg/include/arduinobot_msg/arduinobot_msg/msg/rosidl_typesupport_introspection_c__visibility_control.h
[5.498s] -- Installing: /home/alexander/Documents/arduinobot_ws/install/arduinobot_msg/lib/libarduinobot_msg__rosidl_typesupport_introspection_c.so
[5.498s] -- Set runtime path of "/home/alexander/Documents/arduinobot_ws/install/arduinobot_msg/lib/libarduinobot_msg__rosidl_typesupport_introspection_c.so" to ""
[5.498s] -- Installing: /home/alexander/Documents/arduinobot_ws/install/arduinobot_msg/lib/libarduinobot_msg__rosidl_typesupport_c.so
[5.499s] -- Set runtime path of "/home/alexander/Documents/arduinobot_ws/install/arduinobot_msg/lib/libarduinobot_msg__rosidl_typesupport_c.so" to ""
[5.499s] -- Up-to-date: /home/alexander/Documents/arduinobot_ws/install/arduinobot_msg/include/arduinobot_msg/arduinobot_msg
[5.499s] -- Up-to-date: /home/alexander/Documents/arduinobot_ws/install/arduinobot_msg/include/arduinobot_msg/arduinobot_msg/srv
[5.499s] -- Up-to-date: /home/alexander/Documents/arduinobot_ws/install/arduinobot_msg/include/arduinobot_msg/arduinobot_msg/srv/detail
[5.499s] -- Installing: /home/alexander/Documents/arduinobot_ws/install/arduinobot_msg/include/arduinobot_msg/arduinobot_msg/srv/detail/euler_to_quaternion__rosidl_typesupport_introspection_cpp.hpp
[5.499s] -- Installing: /home/alexander/Documents/arduinobot_ws/install/arduinobot_msg/include/arduinobot_msg/arduinobot_msg/srv/detail/add_two_ints__type_support.cpp
[5.499s] -- Installing: /home/alexander/Documents/arduinobot_ws/install/arduinobot_msg/include/arduinobot_msg/arduinobot_msg/srv/detail/euler_to_quaternion__type_support.cpp
[5.499s] -- Installing: /home/alexander/Documents/arduinobot_ws/install/arduinobot_msg/include/arduinobot_msg/arduinobot_msg/srv/detail/quaternion_to_euler__rosidl_typesupport_introspection_cpp.hpp
[5.499s] -- Installing: /home/alexander/Documents/arduinobot_ws/install/arduinobot_msg/include/arduinobot_msg/arduinobot_msg/srv/detail/quaternion_to_euler__type_support.cpp
[5.500s] -- Installing: /home/alexander/Documents/arduinobot_ws/install/arduinobot_msg/include/arduinobot_msg/arduinobot_msg/srv/detail/add_two_ints__rosidl_typesupport_introspection_cpp.hpp
[5.500s] -- Installing: /home/alexander/Documents/arduinobot_ws/install/arduinobot_msg/lib/libarduinobot_msg__rosidl_typesupport_introspection_cpp.so
[5.500s] -- Set runtime path of "/home/alexander/Documents/arduinobot_ws/install/arduinobot_msg/lib/libarduinobot_msg__rosidl_typesupport_introspection_cpp.so" to ""
[5.500s] -- Installing: /home/alexander/Documents/arduinobot_ws/install/arduinobot_msg/lib/libarduinobot_msg__rosidl_typesupport_cpp.so
[5.500s] -- Set runtime path of "/home/alexander/Documents/arduinobot_ws/install/arduinobot_msg/lib/libarduinobot_msg__rosidl_typesupport_cpp.so" to ""
[5.500s] -- Installing: /home/alexander/Documents/arduinobot_ws/install/arduinobot_msg/share/arduinobot_msg/environment/pythonpath.sh
[5.501s] -- Installing: /home/alexander/Documents/arduinobot_ws/install/arduinobot_msg/share/arduinobot_msg/environment/pythonpath.dsv
[5.501s] -- Installing: /home/alexander/Documents/arduinobot_ws/install/arduinobot_msg/local/lib/python3.10/dist-packages/arduinobot_msg-0.0.0-py3.10.egg-info
[5.501s] -- Installing: /home/alexander/Documents/arduinobot_ws/install/arduinobot_msg/local/lib/python3.10/dist-packages/arduinobot_msg-0.0.0-py3.10.egg-info/SOURCES.txt
[5.501s] -- Installing: /home/alexander/Documents/arduinobot_ws/install/arduinobot_msg/local/lib/python3.10/dist-packages/arduinobot_msg-0.0.0-py3.10.egg-info/top_level.txt
[5.501s] -- Installing: /home/alexander/Documents/arduinobot_ws/install/arduinobot_msg/local/lib/python3.10/dist-packages/arduinobot_msg-0.0.0-py3.10.egg-info/PKG-INFO
[5.501s] -- Installing: /home/alexander/Documents/arduinobot_ws/install/arduinobot_msg/local/lib/python3.10/dist-packages/arduinobot_msg-0.0.0-py3.10.egg-info/dependency_links.txt
[5.501s] -- Installing: /home/alexander/Documents/arduinobot_ws/install/arduinobot_msg/local/lib/python3.10/dist-packages/arduinobot_msg
[5.502s] -- Installing: /home/alexander/Documents/arduinobot_ws/install/arduinobot_msg/local/lib/python3.10/dist-packages/arduinobot_msg/arduinobot_msg_s__rosidl_typesupport_introspection_c.cpython-310-x86_64-linux-gnu.so
[5.502s] -- Installing: /home/alexander/Documents/arduinobot_ws/install/arduinobot_msg/local/lib/python3.10/dist-packages/arduinobot_msg/__init__.py
[5.502s] -- Installing: /home/alexander/Documents/arduinobot_ws/install/arduinobot_msg/local/lib/python3.10/dist-packages/arduinobot_msg/_arduinobot_msg_s.ep.rosidl_typesupport_fastrtps_c.c
[5.502s] -- Installing: /home/alexander/Documents/arduinobot_ws/install/arduinobot_msg/local/lib/python3.10/dist-packages/arduinobot_msg/_arduinobot_msg_s.ep.rosidl_typesupport_introspection_c.c
[5.502s] -- Installing: /home/alexander/Documents/arduinobot_ws/install/arduinobot_msg/local/lib/python3.10/dist-packages/arduinobot_msg/srv
[5.502s] -- Installing: /home/alexander/Documents/arduinobot_ws/install/arduinobot_msg/local/lib/python3.10/dist-packages/arduinobot_msg/srv/_euler_to_quaternion_s.c
[5.502s] -- Installing: /home/alexander/Documents/arduinobot_ws/install/arduinobot_msg/local/lib/python3.10/dist-packages/arduinobot_msg/srv/__init__.py
[5.502s] -- Installing: /home/alexander/Documents/arduinobot_ws/install/arduinobot_msg/local/lib/python3.10/dist-packages/arduinobot_msg/srv/_add_two_ints_s.c
[5.503s] -- Installing: /home/alexander/Documents/arduinobot_ws/install/arduinobot_msg/local/lib/python3.10/dist-packages/arduinobot_msg/srv/_quaternion_to_euler.py
[5.503s] -- Installing: /home/alexander/Documents/arduinobot_ws/install/arduinobot_msg/local/lib/python3.10/dist-packages/arduinobot_msg/srv/_euler_to_quaternion.py
[5.503s] -- Installing: /home/alexander/Documents/arduinobot_ws/install/arduinobot_msg/local/lib/python3.10/dist-packages/arduinobot_msg/srv/_add_two_ints.py
[5.503s] -- Installing: /home/alexander/Documents/arduinobot_ws/install/arduinobot_msg/local/lib/python3.10/dist-packages/arduinobot_msg/srv/_quaternion_to_euler_s.c
[5.503s] -- Installing: /home/alexander/Documents/arduinobot_ws/install/arduinobot_msg/local/lib/python3.10/dist-packages/arduinobot_msg/arduinobot_msg_s__rosidl_typesupport_c.cpython-310-x86_64-linux-gnu.so
[5.503s] -- Installing: /home/alexander/Documents/arduinobot_ws/install/arduinobot_msg/local/lib/python3.10/dist-packages/arduinobot_msg/libarduinobot_msg__rosidl_generator_py.so
[5.503s] -- Installing: /home/alexander/Documents/arduinobot_ws/install/arduinobot_msg/local/lib/python3.10/dist-packages/arduinobot_msg/arduinobot_msg_s__rosidl_typesupport_fastrtps_c.cpython-310-x86_64-linux-gnu.so
[5.504s] -- Installing: /home/alexander/Documents/arduinobot_ws/install/arduinobot_msg/local/lib/python3.10/dist-packages/arduinobot_msg/_arduinobot_msg_s.ep.rosidl_typesupport_c.c
[5.534s] Listing '/home/alexander/Documents/arduinobot_ws/install/arduinobot_msg/local/lib/python3.10/dist-packages/arduinobot_msg'...
[5.534s] Compiling '/home/alexander/Documents/arduinobot_ws/install/arduinobot_msg/local/lib/python3.10/dist-packages/arduinobot_msg/__init__.py'...
[5.534s] Listing '/home/alexander/Documents/arduinobot_ws/install/arduinobot_msg/local/lib/python3.10/dist-packages/arduinobot_msg/srv'...
[5.535s] Compiling '/home/alexander/Documents/arduinobot_ws/install/arduinobot_msg/local/lib/python3.10/dist-packages/arduinobot_msg/srv/__init__.py'...
[5.535s] Compiling '/home/alexander/Documents/arduinobot_ws/install/arduinobot_msg/local/lib/python3.10/dist-packages/arduinobot_msg/srv/_add_two_ints.py'...
[5.535s] Compiling '/home/alexander/Documents/arduinobot_ws/install/arduinobot_msg/local/lib/python3.10/dist-packages/arduinobot_msg/srv/_euler_to_quaternion.py'...
[5.535s] Compiling '/home/alexander/Documents/arduinobot_ws/install/arduinobot_msg/local/lib/python3.10/dist-packages/arduinobot_msg/srv/_quaternion_to_euler.py'...
[5.539s] -- Installing: /home/alexander/Documents/arduinobot_ws/install/arduinobot_msg/local/lib/python3.10/dist-packages/arduinobot_msg/arduinobot_msg_s__rosidl_typesupport_fastrtps_c.cpython-310-x86_64-linux-gnu.so
[5.540s] -- Set runtime path of "/home/alexander/Documents/arduinobot_ws/install/arduinobot_msg/local/lib/python3.10/dist-packages/arduinobot_msg/arduinobot_msg_s__rosidl_typesupport_fastrtps_c.cpython-310-x86_64-linux-gnu.so" to ""
[5.540s] -- Installing: /home/alexander/Documents/arduinobot_ws/install/arduinobot_msg/local/lib/python3.10/dist-packages/arduinobot_msg/arduinobot_msg_s__rosidl_typesupport_introspection_c.cpython-310-x86_64-linux-gnu.so
[5.540s] -- Set runtime path of "/home/alexander/Documents/arduinobot_ws/install/arduinobot_msg/local/lib/python3.10/dist-packages/arduinobot_msg/arduinobot_msg_s__rosidl_typesupport_introspection_c.cpython-310-x86_64-linux-gnu.so" to ""
[5.541s] -- Installing: /home/alexander/Documents/arduinobot_ws/install/arduinobot_msg/local/lib/python3.10/dist-packages/arduinobot_msg/arduinobot_msg_s__rosidl_typesupport_c.cpython-310-x86_64-linux-gnu.so
[5.541s] -- Set runtime path of "/home/alexander/Documents/arduinobot_ws/install/arduinobot_msg/local/lib/python3.10/dist-packages/arduinobot_msg/arduinobot_msg_s__rosidl_typesupport_c.cpython-310-x86_64-linux-gnu.so" to ""
[5.541s] -- Installing: /home/alexander/Documents/arduinobot_ws/install/arduinobot_msg/lib/libarduinobot_msg__rosidl_generator_py.so
[5.542s] -- Set runtime path of "/home/alexander/Documents/arduinobot_ws/install/arduinobot_msg/lib/libarduinobot_msg__rosidl_generator_py.so" to ""
[5.542s] -- Installing: /home/alexander/Documents/arduinobot_ws/install/arduinobot_msg/share/arduinobot_msg/srv/AddTwoInts.idl
[5.542s] -- Installing: /home/alexander/Documents/arduinobot_ws/install/arduinobot_msg/share/arduinobot_msg/srv/QuaternionToEuler.idl
[5.542s] -- Installing: /home/alexander/Documents/arduinobot_ws/install/arduinobot_msg/share/arduinobot_msg/srv/EulerToQuaternion.idl
[5.542s] -- Installing: /home/alexander/Documents/arduinobot_ws/install/arduinobot_msg/share/arduinobot_msg/srv/AddTwoInts.srv
[5.542s] -- Installing: /home/alexander/Documents/arduinobot_ws/install/arduinobot_msg/share/arduinobot_msg/srv/AddTwoInts_Request.msg
[5.542s] -- Installing: /home/alexander/Documents/arduinobot_ws/install/arduinobot_msg/share/arduinobot_msg/srv/AddTwoInts_Response.msg
[5.542s] -- Installing: /home/alexander/Documents/arduinobot_ws/install/arduinobot_msg/share/arduinobot_msg/srv/QuaternionToEuler.srv
[5.543s] -- Installing: /home/alexander/Documents/arduinobot_ws/install/arduinobot_msg/share/arduinobot_msg/srv/QuaternionToEuler_Request.msg
[5.543s] -- Installing: /home/alexander/Documents/arduinobot_ws/install/arduinobot_msg/share/arduinobot_msg/srv/QuaternionToEuler_Response.msg
[5.543s] -- Installing: /home/alexander/Documents/arduinobot_ws/install/arduinobot_msg/share/arduinobot_msg/srv/EulerToQuaternion.srv
[5.543s] -- Installing: /home/alexander/Documents/arduinobot_ws/install/arduinobot_msg/share/arduinobot_msg/srv/EulerToQuaternion_Request.msg
[5.543s] -- Installing: /home/alexander/Documents/arduinobot_ws/install/arduinobot_msg/share/arduinobot_msg/srv/EulerToQuaternion_Response.msg
[5.543s] -- Installing: /home/alexander/Documents/arduinobot_ws/install/arduinobot_msg/share/ament_index/resource_index/package_run_dependencies/arduinobot_msg
[5.544s] -- Installing: /home/alexander/Documents/arduinobot_ws/install/arduinobot_msg/share/ament_index/resource_index/parent_prefix_path/arduinobot_msg
[5.544s] -- Installing: /home/alexander/Documents/arduinobot_ws/install/arduinobot_msg/share/arduinobot_msg/environment/ament_prefix_path.sh
[5.544s] -- Installing: /home/alexander/Documents/arduinobot_ws/install/arduinobot_msg/share/arduinobot_msg/environment/ament_prefix_path.dsv
[5.544s] -- Installing: /home/alexander/Documents/arduinobot_ws/install/arduinobot_msg/share/arduinobot_msg/environment/path.sh
[5.544s] -- Installing: /home/alexander/Documents/arduinobot_ws/install/arduinobot_msg/share/arduinobot_msg/environment/path.dsv
[5.544s] -- Installing: /home/alexander/Documents/arduinobot_ws/install/arduinobot_msg/share/arduinobot_msg/local_setup.bash
[5.545s] -- Installing: /home/alexander/Documents/arduinobot_ws/install/arduinobot_msg/share/arduinobot_msg/local_setup.sh
[5.545s] -- Installing: /home/alexander/Documents/arduinobot_ws/install/arduinobot_msg/share/arduinobot_msg/local_setup.zsh
[5.545s] -- Installing: /home/alexander/Documents/arduinobot_ws/install/arduinobot_msg/share/arduinobot_msg/local_setup.dsv
[5.545s] -- Installing: /home/alexander/Documents/arduinobot_ws/install/arduinobot_msg/share/arduinobot_msg/package.dsv
[5.545s] -- Installing: /home/alexander/Documents/arduinobot_ws/install/arduinobot_msg/share/ament_index/resource_index/packages/arduinobot_msg
[5.545s] -- Installing: /home/alexander/Documents/arduinobot_ws/install/arduinobot_msg/share/arduinobot_msg/cmake/export_arduinobot_msg__rosidl_generator_cExport.cmake
[5.546s] -- Installing: /home/alexander/Documents/arduinobot_ws/install/arduinobot_msg/share/arduinobot_msg/cmake/export_arduinobot_msg__rosidl_generator_cExport-noconfig.cmake
[5.546s] -- Installing: /home/alexander/Documents/arduinobot_ws/install/arduinobot_msg/share/arduinobot_msg/cmake/export_arduinobot_msg__rosidl_typesupport_fastrtps_cExport.cmake
[5.546s] -- Installing: /home/alexander/Documents/arduinobot_ws/install/arduinobot_msg/share/arduinobot_msg/cmake/export_arduinobot_msg__rosidl_typesupport_fastrtps_cExport-noconfig.cmake
[5.546s] -- Installing: /home/alexander/Documents/arduinobot_ws/install/arduinobot_msg/share/arduinobot_msg/cmake/export_arduinobot_msg__rosidl_generator_cppExport.cmake
[5.546s] -- Installing: /home/alexander/Documents/arduinobot_ws/install/arduinobot_msg/share/arduinobot_msg/cmake/export_arduinobot_msg__rosidl_typesupport_fastrtps_cppExport.cmake
[5.546s] -- Installing: /home/alexander/Documents/arduinobot_ws/install/arduinobot_msg/share/arduinobot_msg/cmake/export_arduinobot_msg__rosidl_typesupport_fastrtps_cppExport-noconfig.cmake
[5.547s] -- Installing: /home/alexander/Documents/arduinobot_ws/install/arduinobot_msg/share/arduinobot_msg/cmake/arduinobot_msg__rosidl_typesupport_introspection_cExport.cmake
[5.547s] -- Installing: /home/alexander/Documents/arduinobot_ws/install/arduinobot_msg/share/arduinobot_msg/cmake/arduinobot_msg__rosidl_typesupport_introspection_cExport-noconfig.cmake
[5.547s] -- Installing: /home/alexander/Documents/arduinobot_ws/install/arduinobot_msg/share/arduinobot_msg/cmake/arduinobot_msg__rosidl_typesupport_cExport.cmake
[5.547s] -- Installing: /home/alexander/Documents/arduinobot_ws/install/arduinobot_msg/share/arduinobot_msg/cmake/arduinobot_msg__rosidl_typesupport_cExport-noconfig.cmake
[5.547s] -- Installing: /home/alexander/Documents/arduinobot_ws/install/arduinobot_msg/share/arduinobot_msg/cmake/arduinobot_msg__rosidl_typesupport_introspection_cppExport.cmake
[5.547s] -- Installing: /home/alexander/Documents/arduinobot_ws/install/arduinobot_msg/share/arduinobot_msg/cmake/arduinobot_msg__rosidl_typesupport_introspection_cppExport-noconfig.cmake
[5.548s] -- Installing: /home/alexander/Documents/arduinobot_ws/install/arduinobot_msg/share/arduinobot_msg/cmake/arduinobot_msg__rosidl_typesupport_cppExport.cmake
[5.548s] -- Installing: /home/alexander/Documents/arduinobot_ws/install/arduinobot_msg/share/arduinobot_msg/cmake/arduinobot_msg__rosidl_typesupport_cppExport-noconfig.cmake
[5.548s] -- Installing: /home/alexander/Documents/arduinobot_ws/install/arduinobot_msg/share/arduinobot_msg/cmake/export_arduinobot_msg__rosidl_generator_pyExport.cmake
[5.548s] -- Installing: /home/alexander/Documents/arduinobot_ws/install/arduinobot_msg/share/arduinobot_msg/cmake/export_arduinobot_msg__rosidl_generator_pyExport-noconfig.cmake
[5.548s] -- Installing: /home/alexander/Documents/arduinobot_ws/install/arduinobot_msg/share/arduinobot_msg/cmake/rosidl_cmake-extras.cmake
[5.548s] -- Installing: /home/alexander/Documents/arduinobot_ws/install/arduinobot_msg/share/arduinobot_msg/cmake/ament_cmake_export_include_directories-extras.cmake
[5.548s] -- Installing: /home/alexander/Documents/arduinobot_ws/install/arduinobot_msg/share/arduinobot_msg/cmake/ament_cmake_export_libraries-extras.cmake
[5.549s] -- Installing: /home/alexander/Documents/arduinobot_ws/install/arduinobot_msg/share/arduinobot_msg/cmake/ament_cmake_export_targets-extras.cmake
[5.549s] -- Installing: /home/alexander/Documents/arduinobot_ws/install/arduinobot_msg/share/arduinobot_msg/cmake/rosidl_cmake_export_typesupport_targets-extras.cmake
[5.549s] -- Installing: /home/alexander/Documents/arduinobot_ws/install/arduinobot_msg/share/arduinobot_msg/cmake/ament_cmake_export_dependencies-extras.cmake
[5.549s] -- Installing: /home/alexander/Documents/arduinobot_ws/install/arduinobot_msg/share/arduinobot_msg/cmake/rosidl_cmake_export_typesupport_libraries-extras.cmake
[5.549s] -- Installing: /home/alexander/Documents/arduinobot_ws/install/arduinobot_msg/share/arduinobot_msg/cmake/arduinobot_msgConfig.cmake
[5.549s] -- Installing: /home/alexander/Documents/arduinobot_ws/install/arduinobot_msg/share/arduinobot_msg/cmake/arduinobot_msgConfig-version.cmake
[5.550s] -- Installing: /home/alexander/Documents/arduinobot_ws/install/arduinobot_msg/share/arduinobot_msg/package.xml
[5.553s] Invoked command in '/home/alexander/Documents/arduinobot_ws/build/arduinobot_msg' returned '0': CMAKE_PREFIX_PATH=/opt/ros/humble /usr/bin/cmake --install /home/alexander/Documents/arduinobot_ws/build/arduinobot_msg
