[0.101s] Invoking command in '/home/alexander/Documents/arduinobot_ws/build/arduinobot_cpp_example': AMENT_PREFIX_PATH=/home/alexander/Documents/arduinobot_ws/install/arduinobot_msg:${AMENT_PREFIX_PATH} CMAKE_PREFIX_PATH=/home/alexander/Documents/arduinobot_ws/install/arduinobot_msg:/opt/ros/humble LD_LIBRARY_PATH=/home/alexander/Documents/arduinobot_ws/install/arduinobot_msg/lib:${LD_LIBRARY_PATH} PYTHONPATH=/home/alexander/Documents/arduinobot_ws/install/arduinobot_msg/local/lib/python3.10/dist-packages:${PYTHONPATH} /usr/bin/cmake /home/alexander/Documents/arduinobot_ws/src/arduinobot_cpp_example -DCMAKE_INSTALL_PREFIX=/home/alexander/Documents/arduinobot_ws/install/arduinobot_cpp_example
[0.162s] -- The C compiler identification is GNU 11.4.0
[0.220s] -- The CXX compiler identification is GNU 11.4.0
[0.229s] -- Detecting C compiler ABI info
[0.309s] -- Detecting C compiler ABI info - done
[0.315s] -- Check for working C compiler: /usr/bin/cc - skipped
[0.315s] -- Detecting C compile features
[0.316s] -- Detecting C compile features - done
[0.318s] -- Detecting CXX compiler ABI info
[0.408s] -- Detecting CXX compiler ABI info - done
[0.414s] -- Check for working CXX compiler: /usr/bin/c++ - skipped
[0.415s] -- Detecting CXX compile features
[0.415s] -- Detecting CXX compile features - done
[0.418s] -- Found ament_cmake: 1.3.5 (/opt/ros/humble/share/ament_cmake/cmake)
[0.583s] -- Found Python3: /usr/bin/python3.10 (found version "3.10.12") found components: Interpreter 
[0.671s] -- Found rclcpp: 16.0.6 (/opt/ros/humble/share/rclcpp/cmake)
[0.725s] -- Found rosidl_generator_c: 3.1.5 (/opt/ros/humble/share/rosidl_generator_c/cmake)
[0.731s] -- Found rosidl_adapter: 3.1.5 (/opt/ros/humble/share/rosidl_adapter/cmake)
[0.741s] -- Found rosidl_generator_cpp: 3.1.5 (/opt/ros/humble/share/rosidl_generator_cpp/cmake)
[0.756s] -- Using all available rosidl_typesupport_c: rosidl_typesupport_fastrtps_c;rosidl_typesupport_introspection_c
[0.776s] -- Using all available rosidl_typesupport_cpp: rosidl_typesupport_fastrtps_cpp;rosidl_typesupport_introspection_cpp
[0.853s] -- Found rmw_implementation_cmake: 6.1.1 (/opt/ros/humble/share/rmw_implementation_cmake/cmake)
[0.856s] -- Found rmw_cyclonedds_cpp: 1.3.4 (/opt/ros/humble/share/rmw_cyclonedds_cpp/cmake)
[0.895s] -- Using RMW implementation 'rmw_cyclonedds_cpp' as default
[0.907s] -- Looking for pthread.h
[0.988s] -- Looking for pthread.h - found
[0.988s] -- Performing Test CMAKE_HAVE_LIBC_PTHREAD
[1.070s] -- Performing Test CMAKE_HAVE_LIBC_PTHREAD - Success
[1.070s] -- Found Threads: TRUE  
[1.221s] -- Found arduinobot_msg: 0.0.0 (/home/alexander/Documents/arduinobot_ws/install/arduinobot_msg/share/arduinobot_msg/cmake)
[1.238s] -- Found ament_lint_auto: 0.12.8 (/opt/ros/humble/share/ament_lint_auto/cmake)
[1.308s] -- Added test 'cppcheck' to perform static code analysis on C / C++ code
[1.308s] -- Configured cppcheck include dirs: 
[1.308s] -- Configured cppcheck exclude dirs and/or files: 
[1.309s] -- Added test 'lint_cmake' to check CMake code style
[1.310s] -- Added test 'uncrustify' to check C / C++ code style
[1.310s] -- Configured uncrustify additional arguments: 
[1.310s] -- Added test 'xmllint' to check XML markup files
[1.311s] -- Configuring done
[1.331s] -- Generating done
[1.333s] -- Build files have been written to: /home/alexander/Documents/arduinobot_ws/build/arduinobot_cpp_example
[1.341s] Invoked command in '/home/alexander/Documents/arduinobot_ws/build/arduinobot_cpp_example' returned '0': AMENT_PREFIX_PATH=/home/alexander/Documents/arduinobot_ws/install/arduinobot_msg:${AMENT_PREFIX_PATH} CMAKE_PREFIX_PATH=/home/alexander/Documents/arduinobot_ws/install/arduinobot_msg:/opt/ros/humble LD_LIBRARY_PATH=/home/alexander/Documents/arduinobot_ws/install/arduinobot_msg/lib:${LD_LIBRARY_PATH} PYTHONPATH=/home/alexander/Documents/arduinobot_ws/install/arduinobot_msg/local/lib/python3.10/dist-packages:${PYTHONPATH} /usr/bin/cmake /home/alexander/Documents/arduinobot_ws/src/arduinobot_cpp_example -DCMAKE_INSTALL_PREFIX=/home/alexander/Documents/arduinobot_ws/install/arduinobot_cpp_example
[1.344s] Invoking command in '/home/alexander/Documents/arduinobot_ws/build/arduinobot_cpp_example': AMENT_PREFIX_PATH=/home/alexander/Documents/arduinobot_ws/install/arduinobot_msg:${AMENT_PREFIX_PATH} CMAKE_PREFIX_PATH=/home/alexander/Documents/arduinobot_ws/install/arduinobot_msg:/opt/ros/humble LD_LIBRARY_PATH=/home/alexander/Documents/arduinobot_ws/install/arduinobot_msg/lib:${LD_LIBRARY_PATH} PYTHONPATH=/home/alexander/Documents/arduinobot_ws/install/arduinobot_msg/local/lib/python3.10/dist-packages:${PYTHONPATH} /usr/bin/cmake --build /home/alexander/Documents/arduinobot_ws/build/arduinobot_cpp_example -- -j12 -l12
[1.405s] [ 40%] [32mBuilding CXX object CMakeFiles/simple_service_client.dir/src/simple_service_client.cpp.o[0m
[1.406s] [ 40%] [32mBuilding CXX object CMakeFiles/simple_parameter.dir/src/simple_parameter.cpp.o[0m
[1.406s] [ 40%] [32mBuilding CXX object CMakeFiles/simple_subscriber.dir/src/simple_subscriber.cpp.o[0m
[1.406s] [ 40%] [32mBuilding CXX object CMakeFiles/simple_publisher.dir/src/simple_publisher.cpp.o[0m
[1.408s] [ 50%] [32mBuilding CXX object CMakeFiles/simple_service_server.dir/src/simple_service_server.cpp.o[0m
[5.687s] [ 60%] [32m[1mLinking CXX executable simple_parameter[0m
[5.905s] [ 70%] [32m[1mLinking CXX executable simple_service_client[0m
[5.956s] [ 70%] Built target simple_parameter
[6.137s] [ 70%] Built target simple_service_client
[6.235s] [ 80%] [32m[1mLinking CXX executable simple_service_server[0m
[6.457s] [ 80%] Built target simple_service_server
[7.091s] [ 90%] [32m[1mLinking CXX executable simple_publisher[0m
[7.321s] [ 90%] Built target simple_publisher
[9.802s] [100%] [32m[1mLinking CXX executable simple_subscriber[0m
[10.172s] [100%] Built target simple_subscriber
[10.187s] Invoked command in '/home/alexander/Documents/arduinobot_ws/build/arduinobot_cpp_example' returned '0': AMENT_PREFIX_PATH=/home/alexander/Documents/arduinobot_ws/install/arduinobot_msg:${AMENT_PREFIX_PATH} CMAKE_PREFIX_PATH=/home/alexander/Documents/arduinobot_ws/install/arduinobot_msg:/opt/ros/humble LD_LIBRARY_PATH=/home/alexander/Documents/arduinobot_ws/install/arduinobot_msg/lib:${LD_LIBRARY_PATH} PYTHONPATH=/home/alexander/Documents/arduinobot_ws/install/arduinobot_msg/local/lib/python3.10/dist-packages:${PYTHONPATH} /usr/bin/cmake --build /home/alexander/Documents/arduinobot_ws/build/arduinobot_cpp_example -- -j12 -l12
[10.236s] Invoking command in '/home/alexander/Documents/arduinobot_ws/build/arduinobot_cpp_example': AMENT_PREFIX_PATH=/home/alexander/Documents/arduinobot_ws/install/arduinobot_msg:${AMENT_PREFIX_PATH} CMAKE_PREFIX_PATH=/home/alexander/Documents/arduinobot_ws/install/arduinobot_msg:/opt/ros/humble LD_LIBRARY_PATH=/home/alexander/Documents/arduinobot_ws/install/arduinobot_msg/lib:${LD_LIBRARY_PATH} PYTHONPATH=/home/alexander/Documents/arduinobot_ws/install/arduinobot_msg/local/lib/python3.10/dist-packages:${PYTHONPATH} /usr/bin/cmake --install /home/alexander/Documents/arduinobot_ws/build/arduinobot_cpp_example
[10.243s] -- Install configuration: ""
[10.243s] -- Installing: /home/alexander/Documents/arduinobot_ws/install/arduinobot_cpp_example/lib/arduinobot_cpp_example/simple_publisher
[10.245s] -- Set runtime path of "/home/alexander/Documents/arduinobot_ws/install/arduinobot_cpp_example/lib/arduinobot_cpp_example/simple_publisher" to ""
[10.245s] -- Installing: /home/alexander/Documents/arduinobot_ws/install/arduinobot_cpp_example/lib/arduinobot_cpp_example/simple_subscriber
[10.249s] -- Set runtime path of "/home/alexander/Documents/arduinobot_ws/install/arduinobot_cpp_example/lib/arduinobot_cpp_example/simple_subscriber" to ""
[10.249s] -- Installing: /home/alexander/Documents/arduinobot_ws/install/arduinobot_cpp_example/lib/arduinobot_cpp_example/simple_parameter
[10.250s] -- Set runtime path of "/home/alexander/Documents/arduinobot_ws/install/arduinobot_cpp_example/lib/arduinobot_cpp_example/simple_parameter" to ""
[10.250s] -- Installing: /home/alexander/Documents/arduinobot_ws/install/arduinobot_cpp_example/lib/arduinobot_cpp_example/simple_service_server
[10.251s] -- Set runtime path of "/home/alexander/Documents/arduinobot_ws/install/arduinobot_cpp_example/lib/arduinobot_cpp_example/simple_service_server" to ""
[10.251s] -- Installing: /home/alexander/Documents/arduinobot_ws/install/arduinobot_cpp_example/lib/arduinobot_cpp_example/simple_service_client
[10.252s] -- Set runtime path of "/home/alexander/Documents/arduinobot_ws/install/arduinobot_cpp_example/lib/arduinobot_cpp_example/simple_service_client" to ""
[10.252s] -- Installing: /home/alexander/Documents/arduinobot_ws/install/arduinobot_cpp_example/share/ament_index/resource_index/package_run_dependencies/arduinobot_cpp_example
[10.252s] -- Installing: /home/alexander/Documents/arduinobot_ws/install/arduinobot_cpp_example/share/ament_index/resource_index/parent_prefix_path/arduinobot_cpp_example
[10.252s] -- Installing: /home/alexander/Documents/arduinobot_ws/install/arduinobot_cpp_example/share/arduinobot_cpp_example/environment/ament_prefix_path.sh
[10.252s] -- Installing: /home/alexander/Documents/arduinobot_ws/install/arduinobot_cpp_example/share/arduinobot_cpp_example/environment/ament_prefix_path.dsv
[10.252s] -- Installing: /home/alexander/Documents/arduinobot_ws/install/arduinobot_cpp_example/share/arduinobot_cpp_example/environment/path.sh
[10.253s] -- Installing: /home/alexander/Documents/arduinobot_ws/install/arduinobot_cpp_example/share/arduinobot_cpp_example/environment/path.dsv
[10.253s] -- Installing: /home/alexander/Documents/arduinobot_ws/install/arduinobot_cpp_example/share/arduinobot_cpp_example/local_setup.bash
[10.253s] -- Installing: /home/alexander/Documents/arduinobot_ws/install/arduinobot_cpp_example/share/arduinobot_cpp_example/local_setup.sh
[10.253s] -- Installing: /home/alexander/Documents/arduinobot_ws/install/arduinobot_cpp_example/share/arduinobot_cpp_example/local_setup.zsh
[10.253s] -- Installing: /home/alexander/Documents/arduinobot_ws/install/arduinobot_cpp_example/share/arduinobot_cpp_example/local_setup.dsv
[10.253s] -- Installing: /home/alexander/Documents/arduinobot_ws/install/arduinobot_cpp_example/share/arduinobot_cpp_example/package.dsv
[10.253s] -- Installing: /home/alexander/Documents/arduinobot_ws/install/arduinobot_cpp_example/share/ament_index/resource_index/packages/arduinobot_cpp_example
[10.254s] -- Installing: /home/alexander/Documents/arduinobot_ws/install/arduinobot_cpp_example/share/arduinobot_cpp_example/cmake/arduinobot_cpp_exampleConfig.cmake
[10.254s] -- Installing: /home/alexander/Documents/arduinobot_ws/install/arduinobot_cpp_example/share/arduinobot_cpp_example/cmake/arduinobot_cpp_exampleConfig-version.cmake
[10.254s] -- Installing: /home/alexander/Documents/arduinobot_ws/install/arduinobot_cpp_example/share/arduinobot_cpp_example/package.xml
[10.257s] Invoked command in '/home/alexander/Documents/arduinobot_ws/build/arduinobot_cpp_example' returned '0': AMENT_PREFIX_PATH=/home/alexander/Documents/arduinobot_ws/install/arduinobot_msg:${AMENT_PREFIX_PATH} CMAKE_PREFIX_PATH=/home/alexander/Documents/arduinobot_ws/install/arduinobot_msg:/opt/ros/humble LD_LIBRARY_PATH=/home/alexander/Documents/arduinobot_ws/install/arduinobot_msg/lib:${LD_LIBRARY_PATH} PYTHONPATH=/home/alexander/Documents/arduinobot_ws/install/arduinobot_msg/local/lib/python3.10/dist-packages:${PYTHONPATH} /usr/bin/cmake --install /home/alexander/Documents/arduinobot_ws/build/arduinobot_cpp_example
