[0.182s] Invoking command in '/home/alexander/Documents/arduinobot_ws/build/arduinobot_description': CMAKE_PREFIX_PATH=/opt/ros/humble /usr/bin/cmake /home/alexander/Documents/arduinobot_ws/src/arduinobot_description -DCMAKE_INSTALL_PREFIX=/home/alexander/Documents/arduinobot_ws/install/arduinobot_description
[0.320s] -- The C compiler identification is GNU 11.4.0
[0.442s] -- The CXX compiler identification is GNU 11.4.0
[0.456s] -- Detecting C compiler ABI info
[0.560s] -- Detecting C compiler ABI info - done
[0.568s] -- Check for working C compiler: /usr/bin/cc - skipped
[0.569s] -- Detecting C compile features
[0.569s] -- Detecting C compile features - done
[0.572s] -- Detecting CXX compiler ABI info
[0.681s] -- Detecting CXX compiler ABI info - done
[0.694s] -- Check for working CXX compiler: /usr/bin/c++ - skipped
[0.694s] -- Detecting CXX compile features
[0.695s] -- Detecting CXX compile features - done
[0.699s] -- Found ament_cmake: 1.3.5 (/opt/ros/humble/share/ament_cmake/cmake)
[0.907s] -- Found Python3: /usr/bin/python3.10 (found version "3.10.12") found components: Interpreter 
[1.029s] -- Found ament_lint_auto: 0.12.8 (/opt/ros/humble/share/ament_lint_auto/cmake)
[1.130s] -- Added test 'flake8' to check Python code syntax and style conventions
[1.131s] -- Added test 'lint_cmake' to check CMake code style
[1.132s] -- Added test 'pep257' to check Python code against some of the docstring style conventions in PEP 257
[1.134s] -- Added test 'xmllint' to check XML markup files
[1.136s] -- Configuring done
[1.140s] -- Generating done
[1.141s] -- Build files have been written to: /home/alexander/Documents/arduinobot_ws/build/arduinobot_description
[1.153s] Invoked command in '/home/alexander/Documents/arduinobot_ws/build/arduinobot_description' returned '0': CMAKE_PREFIX_PATH=/opt/ros/humble /usr/bin/cmake /home/alexander/Documents/arduinobot_ws/src/arduinobot_description -DCMAKE_INSTALL_PREFIX=/home/alexander/Documents/arduinobot_ws/install/arduinobot_description
[1.155s] Invoking command in '/home/alexander/Documents/arduinobot_ws/build/arduinobot_description': CMAKE_PREFIX_PATH=/opt/ros/humble /usr/bin/cmake --build /home/alexander/Documents/arduinobot_ws/build/arduinobot_description -- -j12 -l12
[1.205s] Invoked command in '/home/alexander/Documents/arduinobot_ws/build/arduinobot_description' returned '0': CMAKE_PREFIX_PATH=/opt/ros/humble /usr/bin/cmake --build /home/alexander/Documents/arduinobot_ws/build/arduinobot_description -- -j12 -l12
[1.245s] Invoking command in '/home/alexander/Documents/arduinobot_ws/build/arduinobot_description': CMAKE_PREFIX_PATH=/opt/ros/humble /usr/bin/cmake --install /home/alexander/Documents/arduinobot_ws/build/arduinobot_description
[1.255s] -- Install configuration: ""
[1.255s] -- Installing: /home/alexander/Documents/arduinobot_ws/install/arduinobot_description/share/arduinobot_description/meshes
[1.256s] -- Installing: /home/alexander/Documents/arduinobot_ws/install/arduinobot_description/share/arduinobot_description/meshes/plate.STL
[1.264s] -- Installing: /home/alexander/Documents/arduinobot_ws/install/arduinobot_description/share/arduinobot_description/meshes/base_plate.STL
[1.270s] -- Installing: /home/alexander/Documents/arduinobot_ws/install/arduinobot_description/share/arduinobot_description/meshes/claw_support.STL
[1.271s] -- Installing: /home/alexander/Documents/arduinobot_ws/install/arduinobot_description/share/arduinobot_description/meshes/right_finger.STL
[1.273s] -- Installing: /home/alexander/Documents/arduinobot_ws/install/arduinobot_description/share/arduinobot_description/meshes/basement.STL
[1.275s] -- Installing: /home/alexander/Documents/arduinobot_ws/install/arduinobot_description/share/arduinobot_description/meshes/left_finger.STL
[1.276s] -- Installing: /home/alexander/Documents/arduinobot_ws/install/arduinobot_description/share/arduinobot_description/meshes/round_plate.STL
[1.277s] -- Installing: /home/alexander/Documents/arduinobot_ws/install/arduinobot_description/share/arduinobot_description/meshes/forward_drive_arm.STL
[1.283s] -- Installing: /home/alexander/Documents/arduinobot_ws/install/arduinobot_description/share/arduinobot_description/meshes/triangular_link.STL
[1.285s] -- Installing: /home/alexander/Documents/arduinobot_ws/install/arduinobot_description/share/arduinobot_description/meshes/horizontal_arm.STL
[1.290s] -- Installing: /home/alexander/Documents/arduinobot_ws/install/arduinobot_description/share/arduinobot_description/meshes/servo_plate.STL
[1.291s] -- Installing: /home/alexander/Documents/arduinobot_ws/install/arduinobot_description/share/arduinobot_description/meshes/link.STL
[1.293s] -- Installing: /home/alexander/Documents/arduinobot_ws/install/arduinobot_description/share/arduinobot_description/meshes/vertical_drive_arm.STL
[1.296s] -- Installing: /home/alexander/Documents/arduinobot_ws/install/arduinobot_description/share/arduinobot_description/urdf
[1.296s] -- Installing: /home/alexander/Documents/arduinobot_ws/install/arduinobot_description/share/arduinobot_description/urdf/temp.txt
[1.296s] -- Installing: /home/alexander/Documents/arduinobot_ws/install/arduinobot_description/share/arduinobot_description/urdf/arduinobot_gazebo.xacro
[1.296s] -- Installing: /home/alexander/Documents/arduinobot_ws/install/arduinobot_description/share/arduinobot_description/urdf/arduinobot_ros2_control.xacro
[1.296s] -- Installing: /home/alexander/Documents/arduinobot_ws/install/arduinobot_description/share/arduinobot_description/urdf/arduinobot.urdf.xacro
[1.296s] -- Installing: /home/alexander/Documents/arduinobot_ws/install/arduinobot_description/share/arduinobot_description/launch
[1.297s] -- Installing: /home/alexander/Documents/arduinobot_ws/install/arduinobot_description/share/arduinobot_description/launch/gazebo.launch.py
[1.297s] -- Installing: /home/alexander/Documents/arduinobot_ws/install/arduinobot_description/share/arduinobot_description/launch/display.launch.py
[1.297s] -- Installing: /home/alexander/Documents/arduinobot_ws/install/arduinobot_description/share/arduinobot_description/rviz
[1.297s] -- Installing: /home/alexander/Documents/arduinobot_ws/install/arduinobot_description/share/arduinobot_description/rviz/display.rviz
[1.298s] -- Installing: /home/alexander/Documents/arduinobot_ws/install/arduinobot_description/share/ament_index/resource_index/package_run_dependencies/arduinobot_description
[1.299s] -- Installing: /home/alexander/Documents/arduinobot_ws/install/arduinobot_description/share/ament_index/resource_index/parent_prefix_path/arduinobot_description
[1.299s] -- Installing: /home/alexander/Documents/arduinobot_ws/install/arduinobot_description/share/arduinobot_description/environment/ament_prefix_path.sh
[1.299s] -- Installing: /home/alexander/Documents/arduinobot_ws/install/arduinobot_description/share/arduinobot_description/environment/ament_prefix_path.dsv
[1.299s] -- Installing: /home/alexander/Documents/arduinobot_ws/install/arduinobot_description/share/arduinobot_description/environment/path.sh
[1.299s] -- Installing: /home/alexander/Documents/arduinobot_ws/install/arduinobot_description/share/arduinobot_description/environment/path.dsv
[1.299s] -- Installing: /home/alexander/Documents/arduinobot_ws/install/arduinobot_description/share/arduinobot_description/local_setup.bash
[1.300s] -- Installing: /home/alexander/Documents/arduinobot_ws/install/arduinobot_description/share/arduinobot_description/local_setup.sh
[1.300s] -- Installing: /home/alexander/Documents/arduinobot_ws/install/arduinobot_description/share/arduinobot_description/local_setup.zsh
[1.300s] -- Installing: /home/alexander/Documents/arduinobot_ws/install/arduinobot_description/share/arduinobot_description/local_setup.dsv
[1.300s] -- Installing: /home/alexander/Documents/arduinobot_ws/install/arduinobot_description/share/arduinobot_description/package.dsv
[1.301s] -- Installing: /home/alexander/Documents/arduinobot_ws/install/arduinobot_description/share/ament_index/resource_index/packages/arduinobot_description
[1.301s] -- Installing: /home/alexander/Documents/arduinobot_ws/install/arduinobot_description/share/arduinobot_description/cmake/arduinobot_descriptionConfig.cmake
[1.301s] -- Installing: /home/alexander/Documents/arduinobot_ws/install/arduinobot_description/share/arduinobot_description/cmake/arduinobot_descriptionConfig-version.cmake
[1.301s] -- Installing: /home/alexander/Documents/arduinobot_ws/install/arduinobot_description/share/arduinobot_description/package.xml
[1.407s] Invoked command in '/home/alexander/Documents/arduinobot_ws/build/arduinobot_description' returned '0': CMAKE_PREFIX_PATH=/opt/ros/humble /usr/bin/cmake --install /home/alexander/Documents/arduinobot_ws/build/arduinobot_description
