[0.133s] Invoking command in '/home/alexander/Documents/arduinobot_ws/build/arduinobot_moveit': CMAKE_PREFIX_PATH=/opt/ros/humble /usr/bin/cmake /home/alexander/Documents/arduinobot_ws/src/arduinobot_moveit -DCMAKE_INSTALL_PREFIX=/home/alexander/Documents/arduinobot_ws/install/arduinobot_moveit
[0.277s] -- The C compiler identification is GNU 11.4.0
[0.404s] -- The CXX compiler identification is GNU 11.4.0
[0.414s] -- Detecting C compiler ABI info
[0.514s] -- Detecting C compiler ABI info - done
[0.520s] -- Check for working C compiler: /usr/bin/cc - skipped
[0.521s] -- Detecting C compile features
[0.521s] -- Detecting C compile features - done
[0.525s] -- Detecting CXX compiler ABI info
[0.628s] -- Detecting CXX compiler ABI info - done
[0.642s] -- Check for working CXX compiler: /usr/bin/c++ - skipped
[0.642s] -- Detecting CXX compile features
[0.643s] -- Detecting CXX compile features - done
[0.647s] -- Found ament_cmake: 1.3.5 (/opt/ros/humble/share/ament_cmake/cmake)
[0.855s] -- Found Python3: /usr/bin/python3.10 (found version "3.10.12") found components: Interpreter 
[0.977s] -- Found ament_lint_auto: 0.12.8 (/opt/ros/humble/share/ament_lint_auto/cmake)
[1.078s] -- Added test 'flake8' to check Python code syntax and style conventions
[1.079s] -- Added test 'lint_cmake' to check CMake code style
[1.079s] -- Added test 'pep257' to check Python code against some of the docstring style conventions in PEP 257
[1.081s] -- Added test 'xmllint' to check XML markup files
[1.083s] -- Configuring done
[1.087s] -- Generating done
[1.088s] -- Build files have been written to: /home/alexander/Documents/arduinobot_ws/build/arduinobot_moveit
[1.098s] Invoked command in '/home/alexander/Documents/arduinobot_ws/build/arduinobot_moveit' returned '0': CMAKE_PREFIX_PATH=/opt/ros/humble /usr/bin/cmake /home/alexander/Documents/arduinobot_ws/src/arduinobot_moveit -DCMAKE_INSTALL_PREFIX=/home/alexander/Documents/arduinobot_ws/install/arduinobot_moveit
[1.100s] Invoking command in '/home/alexander/Documents/arduinobot_ws/build/arduinobot_moveit': CMAKE_PREFIX_PATH=/opt/ros/humble /usr/bin/cmake --build /home/alexander/Documents/arduinobot_ws/build/arduinobot_moveit -- -j12 -l12
[1.150s] Invoked command in '/home/alexander/Documents/arduinobot_ws/build/arduinobot_moveit' returned '0': CMAKE_PREFIX_PATH=/opt/ros/humble /usr/bin/cmake --build /home/alexander/Documents/arduinobot_ws/build/arduinobot_moveit -- -j12 -l12
[1.192s] Invoking command in '/home/alexander/Documents/arduinobot_ws/build/arduinobot_moveit': CMAKE_PREFIX_PATH=/opt/ros/humble /usr/bin/cmake --install /home/alexander/Documents/arduinobot_ws/build/arduinobot_moveit
[1.200s] -- Install configuration: ""
[1.200s] -- Installing: /home/alexander/Documents/arduinobot_ws/install/arduinobot_moveit/share/arduinobot_moveit/launch
[1.201s] -- Installing: /home/alexander/Documents/arduinobot_ws/install/arduinobot_moveit/share/arduinobot_moveit/launch/moveit.launch.py
[1.201s] -- Installing: /home/alexander/Documents/arduinobot_ws/install/arduinobot_moveit/share/arduinobot_moveit/config
[1.201s] -- Installing: /home/alexander/Documents/arduinobot_ws/install/arduinobot_moveit/share/arduinobot_moveit/config/pilz_cartesian_limits.yaml
[1.202s] -- Installing: /home/alexander/Documents/arduinobot_ws/install/arduinobot_moveit/share/arduinobot_moveit/config/kinematics.yaml
[1.202s] -- Installing: /home/alexander/Documents/arduinobot_ws/install/arduinobot_moveit/share/arduinobot_moveit/config/initial_positions.yaml
[1.202s] -- Installing: /home/alexander/Documents/arduinobot_ws/install/arduinobot_moveit/share/arduinobot_moveit/config/arduinobot.srdf
[1.203s] -- Installing: /home/alexander/Documents/arduinobot_ws/install/arduinobot_moveit/share/arduinobot_moveit/config/joint_limits.yaml
[1.203s] -- Installing: /home/alexander/Documents/arduinobot_ws/install/arduinobot_moveit/share/arduinobot_moveit/config/moveit.rviz
[1.203s] -- Installing: /home/alexander/Documents/arduinobot_ws/install/arduinobot_moveit/share/arduinobot_moveit/config/moveit_controllers.yaml
[1.204s] -- Installing: /home/alexander/Documents/arduinobot_ws/install/arduinobot_moveit/share/ament_index/resource_index/package_run_dependencies/arduinobot_moveit
[1.204s] -- Installing: /home/alexander/Documents/arduinobot_ws/install/arduinobot_moveit/share/ament_index/resource_index/parent_prefix_path/arduinobot_moveit
[1.204s] -- Installing: /home/alexander/Documents/arduinobot_ws/install/arduinobot_moveit/share/arduinobot_moveit/environment/ament_prefix_path.sh
[1.205s] -- Installing: /home/alexander/Documents/arduinobot_ws/install/arduinobot_moveit/share/arduinobot_moveit/environment/ament_prefix_path.dsv
[1.205s] -- Installing: /home/alexander/Documents/arduinobot_ws/install/arduinobot_moveit/share/arduinobot_moveit/environment/path.sh
[1.205s] -- Installing: /home/alexander/Documents/arduinobot_ws/install/arduinobot_moveit/share/arduinobot_moveit/environment/path.dsv
[1.205s] -- Installing: /home/alexander/Documents/arduinobot_ws/install/arduinobot_moveit/share/arduinobot_moveit/local_setup.bash
[1.206s] -- Installing: /home/alexander/Documents/arduinobot_ws/install/arduinobot_moveit/share/arduinobot_moveit/local_setup.sh
[1.206s] -- Installing: /home/alexander/Documents/arduinobot_ws/install/arduinobot_moveit/share/arduinobot_moveit/local_setup.zsh
[1.207s] -- Installing: /home/alexander/Documents/arduinobot_ws/install/arduinobot_moveit/share/arduinobot_moveit/local_setup.dsv
[1.207s] -- Installing: /home/alexander/Documents/arduinobot_ws/install/arduinobot_moveit/share/arduinobot_moveit/package.dsv
[1.208s] -- Installing: /home/alexander/Documents/arduinobot_ws/install/arduinobot_moveit/share/ament_index/resource_index/packages/arduinobot_moveit
[1.208s] -- Installing: /home/alexander/Documents/arduinobot_ws/install/arduinobot_moveit/share/arduinobot_moveit/cmake/arduinobot_moveitConfig.cmake
[1.208s] -- Installing: /home/alexander/Documents/arduinobot_ws/install/arduinobot_moveit/share/arduinobot_moveit/cmake/arduinobot_moveitConfig-version.cmake
[1.208s] -- Installing: /home/alexander/Documents/arduinobot_ws/install/arduinobot_moveit/share/arduinobot_moveit/package.xml
[1.285s] Invoked command in '/home/alexander/Documents/arduinobot_ws/build/arduinobot_moveit' returned '0': CMAKE_PREFIX_PATH=/opt/ros/humble /usr/bin/cmake --install /home/alexander/Documents/arduinobot_ws/build/arduinobot_moveit
