[0.946s] Invoking command in '/home/alexander/Documents/arduinobot_ws/src/arduinobot_py_example': PYTHONPATH=/home/alexander/Documents/arduinobot_ws/build/arduinobot_py_example/prefix_override:/home/alexander/Documents/arduinobot_ws/install/arduinobot_py_example/lib/python3.10/site-packages:${PYTHONPATH} /usr/bin/python3 setup.py egg_info --egg-base ../../build/arduinobot_py_example build --build-base /home/alexander/Documents/arduinobot_ws/build/arduinobot_py_example/build install --record /home/alexander/Documents/arduinobot_ws/build/arduinobot_py_example/install.log --single-version-externally-managed
[1.234s] running egg_info
[1.234s] creating ../../build/arduinobot_py_example/arduinobot_py_example.egg-info
[1.235s] writing ../../build/arduinobot_py_example/arduinobot_py_example.egg-info/PKG-INFO
[1.235s] writing dependency_links to ../../build/arduinobot_py_example/arduinobot_py_example.egg-info/dependency_links.txt
[1.235s] writing entry points to ../../build/arduinobot_py_example/arduinobot_py_example.egg-info/entry_points.txt
[1.235s] writing requirements to ../../build/arduinobot_py_example/arduinobot_py_example.egg-info/requires.txt
[1.235s] writing top-level names to ../../build/arduinobot_py_example/arduinobot_py_example.egg-info/top_level.txt
[1.235s] writing manifest file '../../build/arduinobot_py_example/arduinobot_py_example.egg-info/SOURCES.txt'
[1.237s] reading manifest file '../../build/arduinobot_py_example/arduinobot_py_example.egg-info/SOURCES.txt'
[1.238s] writing manifest file '../../build/arduinobot_py_example/arduinobot_py_example.egg-info/SOURCES.txt'
[1.239s] running build
[1.239s] running build_py
[1.239s] creating /home/alexander/Documents/arduinobot_ws/build/arduinobot_py_example/build
[1.239s] creating /home/alexander/Documents/arduinobot_ws/build/arduinobot_py_example/build/lib
[1.239s] creating /home/alexander/Documents/arduinobot_ws/build/arduinobot_py_example/build/lib/arduinobot_py_example
[1.239s] copying arduinobot_py_example/__init__.py -> /home/alexander/Documents/arduinobot_ws/build/arduinobot_py_example/build/lib/arduinobot_py_example
[1.239s] copying arduinobot_py_example/simple_publisher.py -> /home/alexander/Documents/arduinobot_ws/build/arduinobot_py_example/build/lib/arduinobot_py_example
[1.239s] copying arduinobot_py_example/simple_service_client.py -> /home/alexander/Documents/arduinobot_ws/build/arduinobot_py_example/build/lib/arduinobot_py_example
[1.239s] copying arduinobot_py_example/simple_parameter.py -> /home/alexander/Documents/arduinobot_ws/build/arduinobot_py_example/build/lib/arduinobot_py_example
[1.240s] copying arduinobot_py_example/simple_subscriber.py -> /home/alexander/Documents/arduinobot_ws/build/arduinobot_py_example/build/lib/arduinobot_py_example
[1.240s] copying arduinobot_py_example/simple_service_server.py -> /home/alexander/Documents/arduinobot_ws/build/arduinobot_py_example/build/lib/arduinobot_py_example
[1.241s] running install
[1.241s] /usr/lib/python3/dist-packages/setuptools/command/install.py:34: SetuptoolsDeprecationWarning: setup.py install is deprecated. Use build and pip and other standards-based tools.
[1.241s]   warnings.warn(
[1.241s] running install_lib
[1.242s] creating /home/alexander/Documents/arduinobot_ws/install/arduinobot_py_example/lib/python3.10/site-packages/arduinobot_py_example
[1.242s] copying /home/alexander/Documents/arduinobot_ws/build/arduinobot_py_example/build/lib/arduinobot_py_example/__init__.py -> /home/alexander/Documents/arduinobot_ws/install/arduinobot_py_example/lib/python3.10/site-packages/arduinobot_py_example
[1.243s] copying /home/alexander/Documents/arduinobot_ws/build/arduinobot_py_example/build/lib/arduinobot_py_example/simple_publisher.py -> /home/alexander/Documents/arduinobot_ws/install/arduinobot_py_example/lib/python3.10/site-packages/arduinobot_py_example
[1.243s] copying /home/alexander/Documents/arduinobot_ws/build/arduinobot_py_example/build/lib/arduinobot_py_example/simple_service_client.py -> /home/alexander/Documents/arduinobot_ws/install/arduinobot_py_example/lib/python3.10/site-packages/arduinobot_py_example
[1.243s] copying /home/alexander/Documents/arduinobot_ws/build/arduinobot_py_example/build/lib/arduinobot_py_example/simple_parameter.py -> /home/alexander/Documents/arduinobot_ws/install/arduinobot_py_example/lib/python3.10/site-packages/arduinobot_py_example
[1.243s] copying /home/alexander/Documents/arduinobot_ws/build/arduinobot_py_example/build/lib/arduinobot_py_example/simple_subscriber.py -> /home/alexander/Documents/arduinobot_ws/install/arduinobot_py_example/lib/python3.10/site-packages/arduinobot_py_example
[1.244s] copying /home/alexander/Documents/arduinobot_ws/build/arduinobot_py_example/build/lib/arduinobot_py_example/simple_service_server.py -> /home/alexander/Documents/arduinobot_ws/install/arduinobot_py_example/lib/python3.10/site-packages/arduinobot_py_example
[1.244s] byte-compiling /home/alexander/Documents/arduinobot_ws/install/arduinobot_py_example/lib/python3.10/site-packages/arduinobot_py_example/__init__.py to __init__.cpython-310.pyc
[1.244s] byte-compiling /home/alexander/Documents/arduinobot_ws/install/arduinobot_py_example/lib/python3.10/site-packages/arduinobot_py_example/simple_publisher.py to simple_publisher.cpython-310.pyc
[1.244s] byte-compiling /home/alexander/Documents/arduinobot_ws/install/arduinobot_py_example/lib/python3.10/site-packages/arduinobot_py_example/simple_service_client.py to simple_service_client.cpython-310.pyc
[1.244s] byte-compiling /home/alexander/Documents/arduinobot_ws/install/arduinobot_py_example/lib/python3.10/site-packages/arduinobot_py_example/simple_parameter.py to simple_parameter.cpython-310.pyc
[1.245s] byte-compiling /home/alexander/Documents/arduinobot_ws/install/arduinobot_py_example/lib/python3.10/site-packages/arduinobot_py_example/simple_subscriber.py to simple_subscriber.cpython-310.pyc
[1.245s] byte-compiling /home/alexander/Documents/arduinobot_ws/install/arduinobot_py_example/lib/python3.10/site-packages/arduinobot_py_example/simple_service_server.py to simple_service_server.cpython-310.pyc
[1.245s] running install_data
[1.246s] creating /home/alexander/Documents/arduinobot_ws/install/arduinobot_py_example/share/ament_index
[1.246s] creating /home/alexander/Documents/arduinobot_ws/install/arduinobot_py_example/share/ament_index/resource_index
[1.246s] creating /home/alexander/Documents/arduinobot_ws/install/arduinobot_py_example/share/ament_index/resource_index/packages
[1.247s] copying resource/arduinobot_py_example -> /home/alexander/Documents/arduinobot_ws/install/arduinobot_py_example/share/ament_index/resource_index/packages
[1.247s] copying package.xml -> /home/alexander/Documents/arduinobot_ws/install/arduinobot_py_example/share/arduinobot_py_example
[1.247s] running install_egg_info
[1.248s] Copying ../../build/arduinobot_py_example/arduinobot_py_example.egg-info to /home/alexander/Documents/arduinobot_ws/install/arduinobot_py_example/lib/python3.10/site-packages/arduinobot_py_example-0.0.0-py3.10.egg-info
[1.249s] running install_scripts
[1.270s] Installing simple_parameter script to /home/alexander/Documents/arduinobot_ws/install/arduinobot_py_example/lib/arduinobot_py_example
[1.270s] Installing simple_publisher script to /home/alexander/Documents/arduinobot_ws/install/arduinobot_py_example/lib/arduinobot_py_example
[1.270s] Installing simple_service_client script to /home/alexander/Documents/arduinobot_ws/install/arduinobot_py_example/lib/arduinobot_py_example
[1.271s] Installing simple_service_server script to /home/alexander/Documents/arduinobot_ws/install/arduinobot_py_example/lib/arduinobot_py_example
[1.271s] Installing simple_subscriber script to /home/alexander/Documents/arduinobot_ws/install/arduinobot_py_example/lib/arduinobot_py_example
[1.271s] writing list of installed files to '/home/alexander/Documents/arduinobot_ws/build/arduinobot_py_example/install.log'
[1.434s] Invoked command in '/home/alexander/Documents/arduinobot_ws/src/arduinobot_py_example' returned '0': PYTHONPATH=/home/alexander/Documents/arduinobot_ws/build/arduinobot_py_example/prefix_override:/home/alexander/Documents/arduinobot_ws/install/arduinobot_py_example/lib/python3.10/site-packages:${PYTHONPATH} /usr/bin/python3 setup.py egg_info --egg-base ../../build/arduinobot_py_example build --build-base /home/alexander/Documents/arduinobot_ws/build/arduinobot_py_example/build install --record /home/alexander/Documents/arduinobot_ws/build/arduinobot_py_example/install.log --single-version-externally-managed
